{"D:\\CU_CEDT\\y1-term-2\\se\\project\\backend\\app.js": {"path":"D:\\CU_CEDT\\y1-term-2\\se\\project\\backend\\app.js","statementMap":{"0":{"start":{"line":1,"column":16},"end":{"line":1,"column":34}},"1":{"start":{"line":2,"column":15},"end":{"line":2,"column":32}},"2":{"start":{"line":3,"column":27},"end":{"line":3,"column":65}},"3":{"start":{"line":4,"column":17},"end":{"line":4,"column":45}},"4":{"start":{"line":5,"column":13},"end":{"line":5,"column":37}},"5":{"start":{"line":6,"column":19},"end":{"line":6,"column":49}},"6":{"start":{"line":7,"column":16},"end":{"line":7,"column":44}},"7":{"start":{"line":8,"column":13},"end":{"line":8,"column":37}},"8":{"start":{"line":9,"column":21},"end":{"line":9,"column":45}},"9":{"start":{"line":10,"column":13},"end":{"line":10,"column":28}},"10":{"start":{"line":13,"column":0},"end":{"line":13,"column":45}},"11":{"start":{"line":15,"column":12},"end":{"line":15,"column":21}},"12":{"start":{"line":18,"column":20},"end":{"line":23,"column":1}},"13":{"start":{"line":25,"column":0},"end":{"line":25,"column":27}},"14":{"start":{"line":26,"column":0},"end":{"line":26,"column":24}},"15":{"start":{"line":27,"column":0},"end":{"line":27,"column":24}},"16":{"start":{"line":30,"column":0},"end":{"line":30,"column":58}},"17":{"start":{"line":31,"column":0},"end":{"line":31,"column":30}},"18":{"start":{"line":32,"column":0},"end":{"line":32,"column":38}},"19":{"start":{"line":33,"column":0},"end":{"line":33,"column":30}},"20":{"start":{"line":34,"column":0},"end":{"line":34,"column":42}},"21":{"start":{"line":35,"column":0},"end":{"line":35,"column":37}},"22":{"start":{"line":37,"column":0},"end":{"line":37,"column":21}}},"fnMap":{},"branchMap":{},"s":{"0":2,"1":2,"2":2,"3":2,"4":2,"5":2,"6":2,"7":2,"8":2,"9":2,"10":2,"11":2,"12":2,"13":2,"14":2,"15":2,"16":2,"17":2,"18":2,"19":2,"20":2,"21":2,"22":2},"f":{},"b":{},"_coverageSchema":"1a1c01bbd47fc00a2c39e90264f33305004495a9","hash":"db54ea22f7fc85d2a0af42ae8222a44ebd6ba467"}
,"D:\\CU_CEDT\\y1-term-2\\se\\project\\backend\\controllers\\auth.js": {"path":"D:\\CU_CEDT\\y1-term-2\\se\\project\\backend\\controllers\\auth.js","statementMap":{"0":{"start":{"line":1,"column":13},"end":{"line":1,"column":38}},"1":{"start":{"line":2,"column":16},"end":{"line":2,"column":44}},"2":{"start":{"line":7,"column":0},"end":{"line":28,"column":1}},"3":{"start":{"line":8,"column":4},"end":{"line":27,"column":5}},"4":{"start":{"line":9,"column":63},"end":{"line":9,"column":71}},"5":{"start":{"line":11,"column":8},"end":{"line":13,"column":9}},"6":{"start":{"line":12,"column":12},"end":{"line":12,"column":101}},"7":{"start":{"line":15,"column":21},"end":{"line":21,"column":10}},"8":{"start":{"line":23,"column":8},"end":{"line":23,"column":42}},"9":{"start":{"line":25,"column":8},"end":{"line":25,"column":78}},"10":{"start":{"line":26,"column":8},"end":{"line":26,"column":25}},"11":{"start":{"line":33,"column":0},"end":{"line":55,"column":1}},"12":{"start":{"line":34,"column":4},"end":{"line":54,"column":5}},"13":{"start":{"line":35,"column":34},"end":{"line":35,"column":42}},"14":{"start":{"line":36,"column":8},"end":{"line":38,"column":9}},"15":{"start":{"line":37,"column":12},"end":{"line":37,"column":100}},"16":{"start":{"line":40,"column":21},"end":{"line":40,"column":68}},"17":{"start":{"line":41,"column":8},"end":{"line":43,"column":9}},"18":{"start":{"line":42,"column":12},"end":{"line":42,"column":86}},"19":{"start":{"line":45,"column":24},"end":{"line":45,"column":58}},"20":{"start":{"line":46,"column":8},"end":{"line":48,"column":9}},"21":{"start":{"line":47,"column":12},"end":{"line":47,"column":86}},"22":{"start":{"line":49,"column":8},"end":{"line":49,"column":42}},"23":{"start":{"line":52,"column":8},"end":{"line":52,"column":78}},"24":{"start":{"line":53,"column":8},"end":{"line":53,"column":25}},"25":{"start":{"line":60,"column":0},"end":{"line":68,"column":1}},"26":{"start":{"line":61,"column":4},"end":{"line":67,"column":5}},"27":{"start":{"line":62,"column":21},"end":{"line":62,"column":53}},"28":{"start":{"line":63,"column":8},"end":{"line":63,"column":60}},"29":{"start":{"line":65,"column":8},"end":{"line":65,"column":78}},"30":{"start":{"line":66,"column":8},"end":{"line":66,"column":25}},"31":{"start":{"line":73,"column":0},"end":{"line":79,"column":2}},"32":{"start":{"line":74,"column":4},"end":{"line":77,"column":7}},"33":{"start":{"line":78,"column":4},"end":{"line":78,"column":54}},"34":{"start":{"line":81,"column":26},"end":{"line":105,"column":1}},"35":{"start":{"line":82,"column":18},"end":{"line":82,"column":42}},"36":{"start":{"line":83,"column":20},"end":{"line":86,"column":5}},"37":{"start":{"line":87,"column":4},"end":{"line":89,"column":5}},"38":{"start":{"line":88,"column":8},"end":{"line":88,"column":30}},"39":{"start":{"line":91,"column":4},"end":{"line":104,"column":11}},"40":{"start":{"line":110,"column":0},"end":{"line":126,"column":1}},"41":{"start":{"line":111,"column":4},"end":{"line":125,"column":5}},"42":{"start":{"line":112,"column":19},"end":{"line":112,"column":51}},"43":{"start":{"line":113,"column":8},"end":{"line":115,"column":9}},"44":{"start":{"line":114,"column":12},"end":{"line":114,"column":103}},"45":{"start":{"line":116,"column":8},"end":{"line":119,"column":11}},"46":{"start":{"line":121,"column":8},"end":{"line":121,"column":66}},"47":{"start":{"line":124,"column":8},"end":{"line":124,"column":84}},"48":{"start":{"line":132,"column":0},"end":{"line":165,"column":1}},"49":{"start":{"line":133,"column":4},"end":{"line":164,"column":5}},"50":{"start":{"line":134,"column":19},"end":{"line":134,"column":51}},"51":{"start":{"line":135,"column":8},"end":{"line":137,"column":9}},"52":{"start":{"line":136,"column":12},"end":{"line":136,"column":103}},"53":{"start":{"line":138,"column":8},"end":{"line":138,"column":42}},"54":{"start":{"line":139,"column":8},"end":{"line":143,"column":9}},"55":{"start":{"line":140,"column":12},"end":{"line":140,"column":51}},"56":{"start":{"line":142,"column":12},"end":{"line":142,"column":51}},"57":{"start":{"line":145,"column":24},"end":{"line":145,"column":64}},"58":{"start":{"line":146,"column":8},"end":{"line":148,"column":9}},"59":{"start":{"line":147,"column":12},"end":{"line":147,"column":117}},"60":{"start":{"line":151,"column":8},"end":{"line":153,"column":9}},"61":{"start":{"line":152,"column":12},"end":{"line":152,"column":132}},"62":{"start":{"line":155,"column":8},"end":{"line":155,"column":48}},"63":{"start":{"line":155,"column":28},"end":{"line":155,"column":48}},"64":{"start":{"line":156,"column":8},"end":{"line":159,"column":9}},"65":{"start":{"line":157,"column":12},"end":{"line":157,"column":45}},"66":{"start":{"line":158,"column":12},"end":{"line":158,"column":30}},"67":{"start":{"line":161,"column":8},"end":{"line":161,"column":66}},"68":{"start":{"line":163,"column":8},"end":{"line":163,"column":89}},"69":{"start":{"line":172,"column":0},"end":{"line":189,"column":2}},"70":{"start":{"line":173,"column":4},"end":{"line":188,"column":5}},"71":{"start":{"line":175,"column":8},"end":{"line":177,"column":9}},"72":{"start":{"line":176,"column":12},"end":{"line":176,"column":108}},"73":{"start":{"line":179,"column":22},"end":{"line":179,"column":39}},"74":{"start":{"line":181,"column":8},"end":{"line":185,"column":11}},"75":{"start":{"line":187,"column":8},"end":{"line":187,"column":101}}},"fnMap":{"0":{"name":"(anonymous_0)","decl":{"start":{"line":7,"column":19},"end":{"line":7,"column":20}},"loc":{"start":{"line":7,"column":45},"end":{"line":28,"column":1}},"line":7},"1":{"name":"(anonymous_1)","decl":{"start":{"line":33,"column":16},"end":{"line":33,"column":17}},"loc":{"start":{"line":33,"column":42},"end":{"line":55,"column":1}},"line":33},"2":{"name":"(anonymous_2)","decl":{"start":{"line":60,"column":16},"end":{"line":60,"column":17}},"loc":{"start":{"line":60,"column":42},"end":{"line":68,"column":1}},"line":60},"3":{"name":"(anonymous_3)","decl":{"start":{"line":73,"column":17},"end":{"line":73,"column":18}},"loc":{"start":{"line":73,"column":43},"end":{"line":79,"column":1}},"line":73},"4":{"name":"(anonymous_4)","decl":{"start":{"line":81,"column":26},"end":{"line":81,"column":27}},"loc":{"start":{"line":81,"column":53},"end":{"line":105,"column":1}},"line":81},"5":{"name":"(anonymous_5)","decl":{"start":{"line":110,"column":24},"end":{"line":110,"column":25}},"loc":{"start":{"line":110,"column":43},"end":{"line":126,"column":1}},"line":110},"6":{"name":"(anonymous_6)","decl":{"start":{"line":132,"column":24},"end":{"line":132,"column":25}},"loc":{"start":{"line":132,"column":43},"end":{"line":165,"column":1}},"line":132},"7":{"name":"(anonymous_7)","decl":{"start":{"line":172,"column":22},"end":{"line":172,"column":23}},"loc":{"start":{"line":172,"column":42},"end":{"line":189,"column":1}},"line":172}},"branchMap":{"0":{"loc":{"start":{"line":11,"column":8},"end":{"line":13,"column":9}},"type":"if","locations":[{"start":{"line":11,"column":8},"end":{"line":13,"column":9}},{"start":{},"end":{}}],"line":11},"1":{"loc":{"start":{"line":11,"column":12},"end":{"line":11,"column":60}},"type":"binary-expr","locations":[{"start":{"line":11,"column":12},"end":{"line":11,"column":17}},{"start":{"line":11,"column":21},"end":{"line":11,"column":37}},{"start":{"line":11,"column":41},"end":{"line":11,"column":47}},{"start":{"line":11,"column":51},"end":{"line":11,"column":60}}],"line":11},"2":{"loc":{"start":{"line":36,"column":8},"end":{"line":38,"column":9}},"type":"if","locations":[{"start":{"line":36,"column":8},"end":{"line":38,"column":9}},{"start":{},"end":{}}],"line":36},"3":{"loc":{"start":{"line":36,"column":11},"end":{"line":36,"column":30}},"type":"binary-expr","locations":[{"start":{"line":36,"column":11},"end":{"line":36,"column":17}},{"start":{"line":36,"column":21},"end":{"line":36,"column":30}}],"line":36},"4":{"loc":{"start":{"line":41,"column":8},"end":{"line":43,"column":9}},"type":"if","locations":[{"start":{"line":41,"column":8},"end":{"line":43,"column":9}},{"start":{},"end":{}}],"line":41},"5":{"loc":{"start":{"line":46,"column":8},"end":{"line":48,"column":9}},"type":"if","locations":[{"start":{"line":46,"column":8},"end":{"line":48,"column":9}},{"start":{},"end":{}}],"line":46},"6":{"loc":{"start":{"line":87,"column":4},"end":{"line":89,"column":5}},"type":"if","locations":[{"start":{"line":87,"column":4},"end":{"line":89,"column":5}},{"start":{},"end":{}}],"line":87},"7":{"loc":{"start":{"line":113,"column":8},"end":{"line":115,"column":9}},"type":"if","locations":[{"start":{"line":113,"column":8},"end":{"line":115,"column":9}},{"start":{},"end":{}}],"line":113},"8":{"loc":{"start":{"line":135,"column":8},"end":{"line":137,"column":9}},"type":"if","locations":[{"start":{"line":135,"column":8},"end":{"line":137,"column":9}},{"start":{},"end":{}}],"line":135},"9":{"loc":{"start":{"line":139,"column":8},"end":{"line":143,"column":9}},"type":"if","locations":[{"start":{"line":139,"column":8},"end":{"line":143,"column":9}},{"start":{"line":141,"column":14},"end":{"line":143,"column":9}}],"line":139},"10":{"loc":{"start":{"line":146,"column":8},"end":{"line":148,"column":9}},"type":"if","locations":[{"start":{"line":146,"column":8},"end":{"line":148,"column":9}},{"start":{},"end":{}}],"line":146},"11":{"loc":{"start":{"line":151,"column":8},"end":{"line":153,"column":9}},"type":"if","locations":[{"start":{"line":151,"column":8},"end":{"line":153,"column":9}},{"start":{},"end":{}}],"line":151},"12":{"loc":{"start":{"line":151,"column":11},"end":{"line":151,"column":79}},"type":"binary-expr","locations":[{"start":{"line":151,"column":11},"end":{"line":151,"column":50}},{"start":{"line":151,"column":54},"end":{"line":151,"column":79}}],"line":151},"13":{"loc":{"start":{"line":155,"column":8},"end":{"line":155,"column":48}},"type":"if","locations":[{"start":{"line":155,"column":8},"end":{"line":155,"column":48}},{"start":{},"end":{}}],"line":155},"14":{"loc":{"start":{"line":156,"column":8},"end":{"line":159,"column":9}},"type":"if","locations":[{"start":{"line":156,"column":8},"end":{"line":159,"column":9}},{"start":{},"end":{}}],"line":156},"15":{"loc":{"start":{"line":175,"column":8},"end":{"line":177,"column":9}},"type":"if","locations":[{"start":{"line":175,"column":8},"end":{"line":177,"column":9}},{"start":{},"end":{}}],"line":175}},"s":{"0":2,"1":2,"2":2,"3":9,"4":9,"5":9,"6":0,"7":9,"8":9,"9":0,"10":0,"11":2,"12":2,"13":2,"14":2,"15":0,"16":2,"17":2,"18":0,"19":2,"20":2,"21":1,"22":1,"23":0,"24":0,"25":2,"26":1,"27":1,"28":1,"29":0,"30":0,"31":2,"32":1,"33":1,"34":2,"35":10,"36":10,"37":10,"38":0,"39":10,"40":2,"41":0,"42":0,"43":0,"44":0,"45":0,"46":0,"47":0,"48":2,"49":0,"50":0,"51":0,"52":0,"53":0,"54":0,"55":0,"56":0,"57":0,"58":0,"59":0,"60":0,"61":0,"62":0,"63":0,"64":0,"65":0,"66":0,"67":0,"68":0,"69":2,"70":2,"71":2,"72":1,"73":1,"74":1,"75":0},"f":{"0":9,"1":2,"2":1,"3":1,"4":10,"5":0,"6":0,"7":2},"b":{"0":[0,9],"1":[9,9,9,9],"2":[0,2],"3":[2,2],"4":[0,2],"5":[1,1],"6":[0,10],"7":[0,0],"8":[0,0],"9":[0,0],"10":[0,0],"11":[0,0],"12":[0,0],"13":[0,0],"14":[0,0],"15":[1,1]},"_coverageSchema":"1a1c01bbd47fc00a2c39e90264f33305004495a9","hash":"99a5ca5d4369a56bb2935d1bfbb036396eabde9c"}
,"D:\\CU_CEDT\\y1-term-2\\se\\project\\backend\\controllers\\bookings.js": {"path":"D:\\CU_CEDT\\y1-term-2\\se\\project\\backend\\controllers\\bookings.js","statementMap":{"0":{"start":{"line":1,"column":16},"end":{"line":1,"column":44}},"1":{"start":{"line":2,"column":12},"end":{"line":2,"column":36}},"2":{"start":{"line":3,"column":26},"end":{"line":3,"column":64}},"3":{"start":{"line":4,"column":18},"end":{"line":4,"column":48}},"4":{"start":{"line":9,"column":0},"end":{"line":73,"column":2}},"5":{"start":{"line":12,"column":4},"end":{"line":64,"column":5}},"6":{"start":{"line":13,"column":8},"end":{"line":46,"column":9}},"7":{"start":{"line":14,"column":12},"end":{"line":19,"column":15}},"8":{"start":{"line":20,"column":15},"end":{"line":46,"column":9}},"9":{"start":{"line":21,"column":24},"end":{"line":21,"column":60}},"10":{"start":{"line":22,"column":24},"end":{"line":22,"column":76}},"11":{"start":{"line":23,"column":29},"end":{"line":29,"column":14}},"12":{"start":{"line":31,"column":12},"end":{"line":36,"column":13}},"13":{"start":{"line":32,"column":16},"end":{"line":35,"column":19}},"14":{"start":{"line":37,"column":12},"end":{"line":37,"column":99}},"15":{"start":{"line":40,"column":12},"end":{"line":45,"column":15}},"16":{"start":{"line":48,"column":8},"end":{"line":63,"column":9}},"17":{"start":{"line":49,"column":12},"end":{"line":54,"column":15}},"18":{"start":{"line":55,"column":12},"end":{"line":55,"column":30}},"19":{"start":{"line":57,"column":12},"end":{"line":62,"column":15}},"20":{"start":{"line":66,"column":4},"end":{"line":72,"column":5}},"21":{"start":{"line":67,"column":25},"end":{"line":67,"column":36}},"22":{"start":{"line":68,"column":8},"end":{"line":68,"column":88}},"23":{"start":{"line":70,"column":8},"end":{"line":70,"column":78}},"24":{"start":{"line":71,"column":8},"end":{"line":71,"column":25}},"25":{"start":{"line":78,"column":0},"end":{"line":96,"column":2}},"26":{"start":{"line":79,"column":4},"end":{"line":95,"column":5}},"27":{"start":{"line":80,"column":24},"end":{"line":85,"column":10}},"28":{"start":{"line":86,"column":8},"end":{"line":86,"column":30}},"29":{"start":{"line":88,"column":8},"end":{"line":90,"column":9}},"30":{"start":{"line":89,"column":12},"end":{"line":89,"column":118}},"31":{"start":{"line":91,"column":8},"end":{"line":91,"column":63}},"32":{"start":{"line":93,"column":8},"end":{"line":93,"column":78}},"33":{"start":{"line":94,"column":8},"end":{"line":94,"column":25}},"34":{"start":{"line":101,"column":0},"end":{"line":190,"column":1}},"35":{"start":{"line":102,"column":4},"end":{"line":189,"column":5}},"36":{"start":{"line":103,"column":8},"end":{"line":103,"column":40}},"37":{"start":{"line":105,"column":20},"end":{"line":105,"column":56}},"38":{"start":{"line":107,"column":8},"end":{"line":109,"column":9}},"39":{"start":{"line":108,"column":12},"end":{"line":108,"column":129}},"40":{"start":{"line":111,"column":8},"end":{"line":111,"column":36}},"41":{"start":{"line":112,"column":32},"end":{"line":112,"column":71}},"42":{"start":{"line":113,"column":8},"end":{"line":115,"column":9}},"43":{"start":{"line":114,"column":12},"end":{"line":114,"column":132}},"44":{"start":{"line":117,"column":26},"end":{"line":117,"column":55}},"45":{"start":{"line":118,"column":24},"end":{"line":118,"column":51}},"46":{"start":{"line":120,"column":8},"end":{"line":122,"column":9}},"47":{"start":{"line":121,"column":12},"end":{"line":121,"column":107}},"48":{"start":{"line":124,"column":8},"end":{"line":129,"column":9}},"49":{"start":{"line":125,"column":12},"end":{"line":128,"column":15}},"50":{"start":{"line":130,"column":8},"end":{"line":135,"column":9}},"51":{"start":{"line":131,"column":12},"end":{"line":134,"column":14}},"52":{"start":{"line":137,"column":25},"end":{"line":137,"column":82}},"53":{"start":{"line":138,"column":8},"end":{"line":143,"column":9}},"54":{"start":{"line":139,"column":12},"end":{"line":142,"column":15}},"55":{"start":{"line":146,"column":25},"end":{"line":146,"column":44}},"56":{"start":{"line":147,"column":29},"end":{"line":147,"column":72}},"57":{"start":{"line":148,"column":26},"end":{"line":148,"column":56}},"58":{"start":{"line":149,"column":25},"end":{"line":149,"column":34}},"59":{"start":{"line":151,"column":24},"end":{"line":151,"column":40}},"60":{"start":{"line":152,"column":8},"end":{"line":180,"column":9}},"61":{"start":{"line":153,"column":30},"end":{"line":153,"column":63}},"62":{"start":{"line":154,"column":12},"end":{"line":156,"column":13}},"63":{"start":{"line":155,"column":16},"end":{"line":155,"column":55}},"64":{"start":{"line":158,"column":12},"end":{"line":160,"column":13}},"65":{"start":{"line":159,"column":16},"end":{"line":159,"column":82}},"66":{"start":{"line":162,"column":24},"end":{"line":162,"column":34}},"67":{"start":{"line":164,"column":16},"end":{"line":167,"column":36}},"68":{"start":{"line":169,"column":12},"end":{"line":179,"column":13}},"69":{"start":{"line":170,"column":33},"end":{"line":173,"column":17}},"70":{"start":{"line":174,"column":16},"end":{"line":174,"column":50}},"71":{"start":{"line":175,"column":16},"end":{"line":175,"column":51}},"72":{"start":{"line":175,"column":36},"end":{"line":175,"column":51}},"73":{"start":{"line":177,"column":16},"end":{"line":177,"column":38}},"74":{"start":{"line":178,"column":16},"end":{"line":178,"column":39}},"75":{"start":{"line":182,"column":8},"end":{"line":182,"column":41}},"76":{"start":{"line":184,"column":24},"end":{"line":184,"column":54}},"77":{"start":{"line":185,"column":8},"end":{"line":185,"column":62}},"78":{"start":{"line":187,"column":8},"end":{"line":187,"column":78}},"79":{"start":{"line":188,"column":8},"end":{"line":188,"column":25}},"80":{"start":{"line":195,"column":0},"end":{"line":229,"column":2}},"81":{"start":{"line":196,"column":4},"end":{"line":228,"column":5}},"82":{"start":{"line":197,"column":22},"end":{"line":202,"column":10}},"83":{"start":{"line":204,"column":8},"end":{"line":206,"column":9}},"84":{"start":{"line":205,"column":12},"end":{"line":205,"column":115}},"85":{"start":{"line":208,"column":8},"end":{"line":210,"column":9}},"86":{"start":{"line":209,"column":12},"end":{"line":209,"column":133}},"87":{"start":{"line":212,"column":25},"end":{"line":212,"column":84}},"88":{"start":{"line":213,"column":8},"end":{"line":218,"column":9}},"89":{"start":{"line":214,"column":12},"end":{"line":217,"column":15}},"90":{"start":{"line":220,"column":8},"end":{"line":223,"column":11}},"91":{"start":{"line":224,"column":8},"end":{"line":224,"column":63}},"92":{"start":{"line":226,"column":8},"end":{"line":226,"column":78}},"93":{"start":{"line":227,"column":8},"end":{"line":227,"column":25}},"94":{"start":{"line":234,"column":0},"end":{"line":265,"column":2}},"95":{"start":{"line":235,"column":4},"end":{"line":264,"column":5}},"96":{"start":{"line":236,"column":24},"end":{"line":241,"column":10}},"97":{"start":{"line":242,"column":8},"end":{"line":244,"column":9}},"98":{"start":{"line":243,"column":12},"end":{"line":243,"column":115}},"99":{"start":{"line":246,"column":8},"end":{"line":248,"column":9}},"100":{"start":{"line":247,"column":12},"end":{"line":247,"column":133}},"101":{"start":{"line":249,"column":8},"end":{"line":249,"column":29}},"102":{"start":{"line":250,"column":8},"end":{"line":250,"column":33}},"103":{"start":{"line":252,"column":8},"end":{"line":257,"column":9}},"104":{"start":{"line":253,"column":12},"end":{"line":256,"column":15}},"105":{"start":{"line":259,"column":8},"end":{"line":259,"column":34}},"106":{"start":{"line":260,"column":8},"end":{"line":260,"column":58}},"107":{"start":{"line":262,"column":8},"end":{"line":262,"column":78}},"108":{"start":{"line":263,"column":8},"end":{"line":263,"column":25}}},"fnMap":{"0":{"name":"(anonymous_0)","decl":{"start":{"line":9,"column":22},"end":{"line":9,"column":23}},"loc":{"start":{"line":9,"column":48},"end":{"line":73,"column":1}},"line":9},"1":{"name":"(anonymous_1)","decl":{"start":{"line":78,"column":21},"end":{"line":78,"column":22}},"loc":{"start":{"line":78,"column":47},"end":{"line":96,"column":1}},"line":78},"2":{"name":"(anonymous_2)","decl":{"start":{"line":101,"column":21},"end":{"line":101,"column":22}},"loc":{"start":{"line":101,"column":47},"end":{"line":190,"column":1}},"line":101},"3":{"name":"(anonymous_3)","decl":{"start":{"line":195,"column":24},"end":{"line":195,"column":25}},"loc":{"start":{"line":195,"column":50},"end":{"line":229,"column":1}},"line":195},"4":{"name":"(anonymous_4)","decl":{"start":{"line":234,"column":24},"end":{"line":234,"column":25}},"loc":{"start":{"line":234,"column":50},"end":{"line":265,"column":1}},"line":234}},"branchMap":{"0":{"loc":{"start":{"line":12,"column":4},"end":{"line":64,"column":5}},"type":"if","locations":[{"start":{"line":12,"column":4},"end":{"line":64,"column":5}},{"start":{"line":47,"column":11},"end":{"line":64,"column":5}}],"line":12},"1":{"loc":{"start":{"line":13,"column":8},"end":{"line":46,"column":9}},"type":"if","locations":[{"start":{"line":13,"column":8},"end":{"line":46,"column":9}},{"start":{"line":20,"column":15},"end":{"line":46,"column":9}}],"line":13},"2":{"loc":{"start":{"line":20,"column":15},"end":{"line":46,"column":9}},"type":"if","locations":[{"start":{"line":20,"column":15},"end":{"line":46,"column":9}},{"start":{"line":39,"column":15},"end":{"line":46,"column":9}}],"line":20},"3":{"loc":{"start":{"line":31,"column":12},"end":{"line":36,"column":13}},"type":"if","locations":[{"start":{"line":31,"column":12},"end":{"line":36,"column":13}},{"start":{},"end":{}}],"line":31},"4":{"loc":{"start":{"line":48,"column":8},"end":{"line":63,"column":9}},"type":"if","locations":[{"start":{"line":48,"column":8},"end":{"line":63,"column":9}},{"start":{"line":56,"column":15},"end":{"line":63,"column":9}}],"line":48},"5":{"loc":{"start":{"line":88,"column":8},"end":{"line":90,"column":9}},"type":"if","locations":[{"start":{"line":88,"column":8},"end":{"line":90,"column":9}},{"start":{},"end":{}}],"line":88},"6":{"loc":{"start":{"line":107,"column":8},"end":{"line":109,"column":9}},"type":"if","locations":[{"start":{"line":107,"column":8},"end":{"line":109,"column":9}},{"start":{},"end":{}}],"line":107},"7":{"loc":{"start":{"line":113,"column":8},"end":{"line":115,"column":9}},"type":"if","locations":[{"start":{"line":113,"column":8},"end":{"line":115,"column":9}},{"start":{},"end":{}}],"line":113},"8":{"loc":{"start":{"line":113,"column":12},"end":{"line":113,"column":67}},"type":"binary-expr","locations":[{"start":{"line":113,"column":12},"end":{"line":113,"column":39}},{"start":{"line":113,"column":43},"end":{"line":113,"column":67}}],"line":113},"9":{"loc":{"start":{"line":120,"column":8},"end":{"line":122,"column":9}},"type":"if","locations":[{"start":{"line":120,"column":8},"end":{"line":122,"column":9}},{"start":{},"end":{}}],"line":120},"10":{"loc":{"start":{"line":120,"column":12},"end":{"line":120,"column":54}},"type":"binary-expr","locations":[{"start":{"line":120,"column":12},"end":{"line":120,"column":32}},{"start":{"line":120,"column":36},"end":{"line":120,"column":54}}],"line":120},"11":{"loc":{"start":{"line":124,"column":8},"end":{"line":129,"column":9}},"type":"if","locations":[{"start":{"line":124,"column":8},"end":{"line":129,"column":9}},{"start":{},"end":{}}],"line":124},"12":{"loc":{"start":{"line":130,"column":8},"end":{"line":135,"column":9}},"type":"if","locations":[{"start":{"line":130,"column":8},"end":{"line":135,"column":9}},{"start":{},"end":{}}],"line":130},"13":{"loc":{"start":{"line":138,"column":8},"end":{"line":143,"column":9}},"type":"if","locations":[{"start":{"line":138,"column":8},"end":{"line":143,"column":9}},{"start":{},"end":{}}],"line":138},"14":{"loc":{"start":{"line":138,"column":12},"end":{"line":138,"column":84}},"type":"binary-expr","locations":[{"start":{"line":138,"column":12},"end":{"line":138,"column":40}},{"start":{"line":138,"column":44},"end":{"line":138,"column":84}}],"line":138},"15":{"loc":{"start":{"line":152,"column":8},"end":{"line":180,"column":9}},"type":"if","locations":[{"start":{"line":152,"column":8},"end":{"line":180,"column":9}},{"start":{},"end":{}}],"line":152},"16":{"loc":{"start":{"line":154,"column":12},"end":{"line":156,"column":13}},"type":"if","locations":[{"start":{"line":154,"column":12},"end":{"line":156,"column":13}},{"start":{},"end":{}}],"line":154},"17":{"loc":{"start":{"line":158,"column":12},"end":{"line":160,"column":13}},"type":"if","locations":[{"start":{"line":158,"column":12},"end":{"line":160,"column":13}},{"start":{},"end":{}}],"line":158},"18":{"loc":{"start":{"line":158,"column":16},"end":{"line":158,"column":95}},"type":"binary-expr","locations":[{"start":{"line":158,"column":16},"end":{"line":158,"column":34}},{"start":{"line":158,"column":38},"end":{"line":158,"column":95}}],"line":158},"19":{"loc":{"start":{"line":164,"column":16},"end":{"line":167,"column":36}},"type":"binary-expr","locations":[{"start":{"line":164,"column":16},"end":{"line":164,"column":52}},{"start":{"line":165,"column":16},"end":{"line":165,"column":50}},{"start":{"line":166,"column":16},"end":{"line":166,"column":56}},{"start":{"line":167,"column":16},"end":{"line":167,"column":36}}],"line":164},"20":{"loc":{"start":{"line":169,"column":12},"end":{"line":179,"column":13}},"type":"if","locations":[{"start":{"line":169,"column":12},"end":{"line":179,"column":13}},{"start":{},"end":{}}],"line":169},"21":{"loc":{"start":{"line":175,"column":16},"end":{"line":175,"column":51}},"type":"if","locations":[{"start":{"line":175,"column":16},"end":{"line":175,"column":51}},{"start":{},"end":{}}],"line":175},"22":{"loc":{"start":{"line":204,"column":8},"end":{"line":206,"column":9}},"type":"if","locations":[{"start":{"line":204,"column":8},"end":{"line":206,"column":9}},{"start":{},"end":{}}],"line":204},"23":{"loc":{"start":{"line":208,"column":8},"end":{"line":210,"column":9}},"type":"if","locations":[{"start":{"line":208,"column":8},"end":{"line":210,"column":9}},{"start":{},"end":{}}],"line":208},"24":{"loc":{"start":{"line":208,"column":12},"end":{"line":208,"column":112}},"type":"binary-expr","locations":[{"start":{"line":208,"column":12},"end":{"line":208,"column":51}},{"start":{"line":208,"column":55},"end":{"line":208,"column":80}},{"start":{"line":208,"column":84},"end":{"line":208,"column":112}}],"line":208},"25":{"loc":{"start":{"line":213,"column":8},"end":{"line":218,"column":9}},"type":"if","locations":[{"start":{"line":213,"column":8},"end":{"line":218,"column":9}},{"start":{},"end":{}}],"line":213},"26":{"loc":{"start":{"line":213,"column":12},"end":{"line":213,"column":84}},"type":"binary-expr","locations":[{"start":{"line":213,"column":12},"end":{"line":213,"column":40}},{"start":{"line":213,"column":44},"end":{"line":213,"column":84}}],"line":213},"27":{"loc":{"start":{"line":242,"column":8},"end":{"line":244,"column":9}},"type":"if","locations":[{"start":{"line":242,"column":8},"end":{"line":244,"column":9}},{"start":{},"end":{}}],"line":242},"28":{"loc":{"start":{"line":246,"column":8},"end":{"line":248,"column":9}},"type":"if","locations":[{"start":{"line":246,"column":8},"end":{"line":248,"column":9}},{"start":{},"end":{}}],"line":246},"29":{"loc":{"start":{"line":246,"column":11},"end":{"line":246,"column":111}},"type":"binary-expr","locations":[{"start":{"line":246,"column":11},"end":{"line":246,"column":50}},{"start":{"line":246,"column":54},"end":{"line":246,"column":79}},{"start":{"line":246,"column":83},"end":{"line":246,"column":111}}],"line":246},"30":{"loc":{"start":{"line":252,"column":8},"end":{"line":257,"column":9}},"type":"if","locations":[{"start":{"line":252,"column":8},"end":{"line":257,"column":9}},{"start":{},"end":{}}],"line":252},"31":{"loc":{"start":{"line":252,"column":12},"end":{"line":252,"column":83}},"type":"binary-expr","locations":[{"start":{"line":252,"column":12},"end":{"line":252,"column":40}},{"start":{"line":252,"column":44},"end":{"line":252,"column":83}}],"line":252}},"s":{"0":2,"1":2,"2":2,"3":2,"4":2,"5":0,"6":0,"7":0,"8":0,"9":0,"10":0,"11":0,"12":0,"13":0,"14":0,"15":0,"16":0,"17":0,"18":0,"19":0,"20":0,"21":0,"22":0,"23":0,"24":0,"25":2,"26":0,"27":0,"28":0,"29":0,"30":0,"31":0,"32":0,"33":0,"34":2,"35":0,"36":0,"37":0,"38":0,"39":0,"40":0,"41":0,"42":0,"43":0,"44":0,"45":0,"46":0,"47":0,"48":0,"49":0,"50":0,"51":0,"52":0,"53":0,"54":0,"55":0,"56":0,"57":0,"58":0,"59":0,"60":0,"61":0,"62":0,"63":0,"64":0,"65":0,"66":0,"67":0,"68":0,"69":0,"70":0,"71":0,"72":0,"73":0,"74":0,"75":0,"76":0,"77":0,"78":0,"79":0,"80":2,"81":0,"82":0,"83":0,"84":0,"85":0,"86":0,"87":0,"88":0,"89":0,"90":0,"91":0,"92":0,"93":0,"94":2,"95":0,"96":0,"97":0,"98":0,"99":0,"100":0,"101":0,"102":0,"103":0,"104":0,"105":0,"106":0,"107":0,"108":0},"f":{"0":0,"1":0,"2":0,"3":0,"4":0},"b":{"0":[0,0],"1":[0,0],"2":[0,0],"3":[0,0],"4":[0,0],"5":[0,0],"6":[0,0],"7":[0,0],"8":[0,0],"9":[0,0],"10":[0,0],"11":[0,0],"12":[0,0],"13":[0,0],"14":[0,0],"15":[0,0],"16":[0,0],"17":[0,0],"18":[0,0],"19":[0,0,0,0],"20":[0,0],"21":[0,0],"22":[0,0],"23":[0,0],"24":[0,0,0],"25":[0,0],"26":[0,0],"27":[0,0],"28":[0,0],"29":[0,0,0],"30":[0,0],"31":[0,0]},"_coverageSchema":"1a1c01bbd47fc00a2c39e90264f33305004495a9","hash":"1e087dc74c2c2d3e0345e146c20b89312668b667"}
,"D:\\CU_CEDT\\y1-term-2\\se\\project\\backend\\controllers\\cars.js": {"path":"D:\\CU_CEDT\\y1-term-2\\se\\project\\backend\\controllers\\cars.js","statementMap":{"0":{"start":{"line":1,"column":12},"end":{"line":1,"column":36}},"1":{"start":{"line":2,"column":18},"end":{"line":2,"column":48}},"2":{"start":{"line":3,"column":26},"end":{"line":3,"column":64}},"3":{"start":{"line":4,"column":16},"end":{"line":4,"column":44}},"4":{"start":{"line":9,"column":0},"end":{"line":66,"column":2}},"5":{"start":{"line":11,"column":21},"end":{"line":11,"column":37}},"6":{"start":{"line":12,"column":25},"end":{"line":12,"column":60}},"7":{"start":{"line":13,"column":4},"end":{"line":13,"column":58}},"8":{"start":{"line":13,"column":34},"end":{"line":13,"column":56}},"9":{"start":{"line":15,"column":19},"end":{"line":15,"column":43}},"10":{"start":{"line":16,"column":4},"end":{"line":16,"column":81}},"11":{"start":{"line":16,"column":68},"end":{"line":16,"column":79}},"12":{"start":{"line":18,"column":4},"end":{"line":25,"column":5}},"13":{"start":{"line":19,"column":8},"end":{"line":22,"column":32}},"14":{"start":{"line":24,"column":8},"end":{"line":24,"column":68}},"15":{"start":{"line":27,"column":4},"end":{"line":30,"column":5}},"16":{"start":{"line":28,"column":23},"end":{"line":28,"column":60}},"17":{"start":{"line":29,"column":8},"end":{"line":29,"column":37}},"18":{"start":{"line":32,"column":4},"end":{"line":37,"column":5}},"19":{"start":{"line":33,"column":23},"end":{"line":33,"column":58}},"20":{"start":{"line":34,"column":8},"end":{"line":34,"column":35}},"21":{"start":{"line":36,"column":8},"end":{"line":36,"column":42}},"22":{"start":{"line":39,"column":17},"end":{"line":39,"column":50}},"23":{"start":{"line":40,"column":18},"end":{"line":40,"column":53}},"24":{"start":{"line":41,"column":23},"end":{"line":41,"column":41}},"25":{"start":{"line":42,"column":21},"end":{"line":42,"column":33}},"26":{"start":{"line":43,"column":4},"end":{"line":65,"column":5}},"27":{"start":{"line":44,"column":22},"end":{"line":44,"column":48}},"28":{"start":{"line":45,"column":8},"end":{"line":45,"column":52}},"29":{"start":{"line":46,"column":21},"end":{"line":46,"column":32}},"30":{"start":{"line":48,"column":27},"end":{"line":48,"column":29}},"31":{"start":{"line":49,"column":8},"end":{"line":51,"column":9}},"32":{"start":{"line":50,"column":12},"end":{"line":50,"column":56}},"33":{"start":{"line":52,"column":8},"end":{"line":54,"column":9}},"34":{"start":{"line":53,"column":12},"end":{"line":53,"column":56}},"35":{"start":{"line":56,"column":8},"end":{"line":61,"column":11}},"36":{"start":{"line":63,"column":8},"end":{"line":63,"column":78}},"37":{"start":{"line":64,"column":8},"end":{"line":64,"column":25}},"38":{"start":{"line":71,"column":0},"end":{"line":83,"column":2}},"39":{"start":{"line":72,"column":4},"end":{"line":82,"column":5}},"40":{"start":{"line":73,"column":20},"end":{"line":73,"column":74}},"41":{"start":{"line":74,"column":8},"end":{"line":76,"column":9}},"42":{"start":{"line":75,"column":12},"end":{"line":75,"column":86}},"43":{"start":{"line":78,"column":8},"end":{"line":78,"column":59}},"44":{"start":{"line":80,"column":8},"end":{"line":80,"column":78}},"45":{"start":{"line":81,"column":8},"end":{"line":81,"column":25}},"46":{"start":{"line":88,"column":0},"end":{"line":125,"column":2}},"47":{"start":{"line":89,"column":4},"end":{"line":124,"column":5}},"48":{"start":{"line":90,"column":117},"end":{"line":90,"column":125}},"49":{"start":{"line":91,"column":27},"end":{"line":91,"column":48}},"50":{"start":{"line":92,"column":33},"end":{"line":92,"column":77}},"51":{"start":{"line":93,"column":8},"end":{"line":95,"column":9}},"52":{"start":{"line":94,"column":12},"end":{"line":94,"column":91}},"53":{"start":{"line":97,"column":30},"end":{"line":97,"column":97}},"54":{"start":{"line":98,"column":8},"end":{"line":100,"column":9}},"55":{"start":{"line":99,"column":12},"end":{"line":99,"column":131}},"56":{"start":{"line":102,"column":8},"end":{"line":104,"column":9}},"57":{"start":{"line":103,"column":12},"end":{"line":103,"column":140}},"58":{"start":{"line":106,"column":20},"end":{"line":118,"column":10}},"59":{"start":{"line":120,"column":8},"end":{"line":120,"column":59}},"60":{"start":{"line":122,"column":8},"end":{"line":122,"column":78}},"61":{"start":{"line":123,"column":8},"end":{"line":123,"column":25}},"62":{"start":{"line":130,"column":0},"end":{"line":154,"column":2}},"63":{"start":{"line":131,"column":4},"end":{"line":153,"column":5}},"64":{"start":{"line":132,"column":18},"end":{"line":132,"column":72}},"65":{"start":{"line":133,"column":8},"end":{"line":135,"column":9}},"66":{"start":{"line":134,"column":12},"end":{"line":134,"column":86}},"67":{"start":{"line":137,"column":8},"end":{"line":142,"column":9}},"68":{"start":{"line":138,"column":12},"end":{"line":141,"column":15}},"69":{"start":{"line":144,"column":8},"end":{"line":147,"column":11}},"70":{"start":{"line":149,"column":8},"end":{"line":149,"column":59}},"71":{"start":{"line":151,"column":8},"end":{"line":151,"column":78}},"72":{"start":{"line":152,"column":8},"end":{"line":152,"column":25}},"73":{"start":{"line":159,"column":0},"end":{"line":177,"column":2}},"74":{"start":{"line":160,"column":4},"end":{"line":176,"column":5}},"75":{"start":{"line":161,"column":20},"end":{"line":161,"column":74}},"76":{"start":{"line":162,"column":8},"end":{"line":164,"column":9}},"77":{"start":{"line":163,"column":12},"end":{"line":163,"column":86}},"78":{"start":{"line":166,"column":8},"end":{"line":168,"column":9}},"79":{"start":{"line":167,"column":12},"end":{"line":167,"column":114}},"80":{"start":{"line":170,"column":8},"end":{"line":170,"column":51}},"81":{"start":{"line":171,"column":8},"end":{"line":171,"column":30}},"82":{"start":{"line":172,"column":8},"end":{"line":172,"column":72}},"83":{"start":{"line":174,"column":8},"end":{"line":174,"column":78}},"84":{"start":{"line":175,"column":8},"end":{"line":175,"column":25}},"85":{"start":{"line":182,"column":0},"end":{"line":241,"column":2}},"86":{"start":{"line":183,"column":4},"end":{"line":240,"column":5}},"87":{"start":{"line":184,"column":49},"end":{"line":184,"column":57}},"88":{"start":{"line":186,"column":8},"end":{"line":188,"column":9}},"89":{"start":{"line":187,"column":12},"end":{"line":187,"column":108}},"90":{"start":{"line":190,"column":20},"end":{"line":190,"column":45}},"91":{"start":{"line":191,"column":8},"end":{"line":193,"column":9}},"92":{"start":{"line":192,"column":12},"end":{"line":192,"column":86}},"93":{"start":{"line":195,"column":26},"end":{"line":195,"column":56}},"94":{"start":{"line":196,"column":25},"end":{"line":196,"column":34}},"95":{"start":{"line":198,"column":8},"end":{"line":225,"column":9}},"96":{"start":{"line":199,"column":30},"end":{"line":199,"column":63}},"97":{"start":{"line":200,"column":12},"end":{"line":202,"column":13}},"98":{"start":{"line":201,"column":16},"end":{"line":201,"column":96}},"99":{"start":{"line":204,"column":12},"end":{"line":208,"column":13}},"100":{"start":{"line":205,"column":16},"end":{"line":207,"column":17}},"101":{"start":{"line":206,"column":20},"end":{"line":206,"column":111}},"102":{"start":{"line":210,"column":24},"end":{"line":210,"column":34}},"103":{"start":{"line":211,"column":33},"end":{"line":215,"column":32}},"104":{"start":{"line":217,"column":12},"end":{"line":224,"column":13}},"105":{"start":{"line":218,"column":33},"end":{"line":221,"column":17}},"106":{"start":{"line":222,"column":16},"end":{"line":222,"column":50}},"107":{"start":{"line":223,"column":16},"end":{"line":223,"column":50}},"108":{"start":{"line":223,"column":35},"end":{"line":223,"column":50}},"109":{"start":{"line":227,"column":8},"end":{"line":236,"column":11}},"110":{"start":{"line":238,"column":8},"end":{"line":238,"column":27}},"111":{"start":{"line":239,"column":8},"end":{"line":239,"column":87}}},"fnMap":{"0":{"name":"(anonymous_0)","decl":{"start":{"line":9,"column":18},"end":{"line":9,"column":19}},"loc":{"start":{"line":9,"column":44},"end":{"line":66,"column":1}},"line":9},"1":{"name":"(anonymous_1)","decl":{"start":{"line":13,"column":25},"end":{"line":13,"column":26}},"loc":{"start":{"line":13,"column":34},"end":{"line":13,"column":56}},"line":13},"2":{"name":"(anonymous_2)","decl":{"start":{"line":16,"column":59},"end":{"line":16,"column":60}},"loc":{"start":{"line":16,"column":68},"end":{"line":16,"column":79}},"line":16},"3":{"name":"(anonymous_3)","decl":{"start":{"line":71,"column":17},"end":{"line":71,"column":18}},"loc":{"start":{"line":71,"column":37},"end":{"line":83,"column":1}},"line":71},"4":{"name":"(anonymous_4)","decl":{"start":{"line":88,"column":20},"end":{"line":88,"column":21}},"loc":{"start":{"line":88,"column":40},"end":{"line":125,"column":1}},"line":88},"5":{"name":"(anonymous_5)","decl":{"start":{"line":130,"column":20},"end":{"line":130,"column":21}},"loc":{"start":{"line":130,"column":40},"end":{"line":154,"column":1}},"line":130},"6":{"name":"(anonymous_6)","decl":{"start":{"line":159,"column":20},"end":{"line":159,"column":21}},"loc":{"start":{"line":159,"column":40},"end":{"line":177,"column":1}},"line":159},"7":{"name":"(anonymous_7)","decl":{"start":{"line":182,"column":28},"end":{"line":182,"column":29}},"loc":{"start":{"line":182,"column":48},"end":{"line":241,"column":1}},"line":182}},"branchMap":{"0":{"loc":{"start":{"line":18,"column":4},"end":{"line":25,"column":5}},"type":"if","locations":[{"start":{"line":18,"column":4},"end":{"line":25,"column":5}},{"start":{"line":23,"column":11},"end":{"line":25,"column":5}}],"line":18},"1":{"loc":{"start":{"line":27,"column":4},"end":{"line":30,"column":5}},"type":"if","locations":[{"start":{"line":27,"column":4},"end":{"line":30,"column":5}},{"start":{},"end":{}}],"line":27},"2":{"loc":{"start":{"line":32,"column":4},"end":{"line":37,"column":5}},"type":"if","locations":[{"start":{"line":32,"column":4},"end":{"line":37,"column":5}},{"start":{"line":35,"column":11},"end":{"line":37,"column":5}}],"line":32},"3":{"loc":{"start":{"line":39,"column":17},"end":{"line":39,"column":50}},"type":"binary-expr","locations":[{"start":{"line":39,"column":17},"end":{"line":39,"column":45}},{"start":{"line":39,"column":49},"end":{"line":39,"column":50}}],"line":39},"4":{"loc":{"start":{"line":40,"column":18},"end":{"line":40,"column":53}},"type":"binary-expr","locations":[{"start":{"line":40,"column":18},"end":{"line":40,"column":47}},{"start":{"line":40,"column":51},"end":{"line":40,"column":53}}],"line":40},"5":{"loc":{"start":{"line":49,"column":8},"end":{"line":51,"column":9}},"type":"if","locations":[{"start":{"line":49,"column":8},"end":{"line":51,"column":9}},{"start":{},"end":{}}],"line":49},"6":{"loc":{"start":{"line":52,"column":8},"end":{"line":54,"column":9}},"type":"if","locations":[{"start":{"line":52,"column":8},"end":{"line":54,"column":9}},{"start":{},"end":{}}],"line":52},"7":{"loc":{"start":{"line":74,"column":8},"end":{"line":76,"column":9}},"type":"if","locations":[{"start":{"line":74,"column":8},"end":{"line":76,"column":9}},{"start":{},"end":{}}],"line":74},"8":{"loc":{"start":{"line":93,"column":8},"end":{"line":95,"column":9}},"type":"if","locations":[{"start":{"line":93,"column":8},"end":{"line":95,"column":9}},{"start":{},"end":{}}],"line":93},"9":{"loc":{"start":{"line":98,"column":8},"end":{"line":100,"column":9}},"type":"if","locations":[{"start":{"line":98,"column":8},"end":{"line":100,"column":9}},{"start":{},"end":{}}],"line":98},"10":{"loc":{"start":{"line":102,"column":8},"end":{"line":104,"column":9}},"type":"if","locations":[{"start":{"line":102,"column":8},"end":{"line":104,"column":9}},{"start":{},"end":{}}],"line":102},"11":{"loc":{"start":{"line":102,"column":12},"end":{"line":102,"column":104}},"type":"binary-expr","locations":[{"start":{"line":102,"column":12},"end":{"line":102,"column":40}},{"start":{"line":102,"column":44},"end":{"line":102,"column":104}}],"line":102},"12":{"loc":{"start":{"line":133,"column":8},"end":{"line":135,"column":9}},"type":"if","locations":[{"start":{"line":133,"column":8},"end":{"line":135,"column":9}},{"start":{},"end":{}}],"line":133},"13":{"loc":{"start":{"line":137,"column":8},"end":{"line":142,"column":9}},"type":"if","locations":[{"start":{"line":137,"column":8},"end":{"line":142,"column":9}},{"start":{},"end":{}}],"line":137},"14":{"loc":{"start":{"line":137,"column":12},"end":{"line":137,"column":100}},"type":"binary-expr","locations":[{"start":{"line":137,"column":12},"end":{"line":137,"column":40}},{"start":{"line":137,"column":44},"end":{"line":137,"column":100}}],"line":137},"15":{"loc":{"start":{"line":162,"column":8},"end":{"line":164,"column":9}},"type":"if","locations":[{"start":{"line":162,"column":8},"end":{"line":164,"column":9}},{"start":{},"end":{}}],"line":162},"16":{"loc":{"start":{"line":166,"column":8},"end":{"line":168,"column":9}},"type":"if","locations":[{"start":{"line":166,"column":8},"end":{"line":168,"column":9}},{"start":{},"end":{}}],"line":166},"17":{"loc":{"start":{"line":166,"column":12},"end":{"line":166,"column":100}},"type":"binary-expr","locations":[{"start":{"line":166,"column":12},"end":{"line":166,"column":40}},{"start":{"line":166,"column":44},"end":{"line":166,"column":100}}],"line":166},"18":{"loc":{"start":{"line":186,"column":8},"end":{"line":188,"column":9}},"type":"if","locations":[{"start":{"line":186,"column":8},"end":{"line":188,"column":9}},{"start":{},"end":{}}],"line":186},"19":{"loc":{"start":{"line":186,"column":12},"end":{"line":186,"column":35}},"type":"binary-expr","locations":[{"start":{"line":186,"column":12},"end":{"line":186,"column":18}},{"start":{"line":186,"column":22},"end":{"line":186,"column":35}}],"line":186},"20":{"loc":{"start":{"line":191,"column":8},"end":{"line":193,"column":9}},"type":"if","locations":[{"start":{"line":191,"column":8},"end":{"line":193,"column":9}},{"start":{},"end":{}}],"line":191},"21":{"loc":{"start":{"line":198,"column":8},"end":{"line":225,"column":9}},"type":"if","locations":[{"start":{"line":198,"column":8},"end":{"line":225,"column":9}},{"start":{},"end":{}}],"line":198},"22":{"loc":{"start":{"line":200,"column":12},"end":{"line":202,"column":13}},"type":"if","locations":[{"start":{"line":200,"column":12},"end":{"line":202,"column":13}},{"start":{},"end":{}}],"line":200},"23":{"loc":{"start":{"line":204,"column":12},"end":{"line":208,"column":13}},"type":"if","locations":[{"start":{"line":204,"column":12},"end":{"line":208,"column":13}},{"start":{},"end":{}}],"line":204},"24":{"loc":{"start":{"line":205,"column":16},"end":{"line":207,"column":17}},"type":"if","locations":[{"start":{"line":205,"column":16},"end":{"line":207,"column":17}},{"start":{},"end":{}}],"line":205},"25":{"loc":{"start":{"line":211,"column":33},"end":{"line":215,"column":32}},"type":"binary-expr","locations":[{"start":{"line":211,"column":33},"end":{"line":211,"column":42}},{"start":{"line":212,"column":12},"end":{"line":212,"column":48}},{"start":{"line":213,"column":12},"end":{"line":213,"column":46}},{"start":{"line":214,"column":12},"end":{"line":214,"column":52}},{"start":{"line":215,"column":12},"end":{"line":215,"column":32}}],"line":211},"26":{"loc":{"start":{"line":217,"column":12},"end":{"line":224,"column":13}},"type":"if","locations":[{"start":{"line":217,"column":12},"end":{"line":224,"column":13}},{"start":{},"end":{}}],"line":217},"27":{"loc":{"start":{"line":223,"column":16},"end":{"line":223,"column":50}},"type":"if","locations":[{"start":{"line":223,"column":16},"end":{"line":223,"column":50}},{"start":{},"end":{}}],"line":223}},"s":{"0":2,"1":2,"2":2,"3":2,"4":2,"5":0,"6":0,"7":0,"8":0,"9":0,"10":0,"11":0,"12":0,"13":0,"14":0,"15":0,"16":0,"17":0,"18":0,"19":0,"20":0,"21":0,"22":0,"23":0,"24":0,"25":0,"26":0,"27":0,"28":0,"29":0,"30":0,"31":0,"32":0,"33":0,"34":0,"35":0,"36":0,"37":0,"38":2,"39":0,"40":0,"41":0,"42":0,"43":0,"44":0,"45":0,"46":2,"47":0,"48":0,"49":0,"50":0,"51":0,"52":0,"53":0,"54":0,"55":0,"56":0,"57":0,"58":0,"59":0,"60":0,"61":0,"62":2,"63":0,"64":0,"65":0,"66":0,"67":0,"68":0,"69":0,"70":0,"71":0,"72":0,"73":2,"74":0,"75":0,"76":0,"77":0,"78":0,"79":0,"80":0,"81":0,"82":0,"83":0,"84":0,"85":2,"86":0,"87":0,"88":0,"89":0,"90":0,"91":0,"92":0,"93":0,"94":0,"95":0,"96":0,"97":0,"98":0,"99":0,"100":0,"101":0,"102":0,"103":0,"104":0,"105":0,"106":0,"107":0,"108":0,"109":0,"110":0,"111":0},"f":{"0":0,"1":0,"2":0,"3":0,"4":0,"5":0,"6":0,"7":0},"b":{"0":[0,0],"1":[0,0],"2":[0,0],"3":[0,0],"4":[0,0],"5":[0,0],"6":[0,0],"7":[0,0],"8":[0,0],"9":[0,0],"10":[0,0],"11":[0,0],"12":[0,0],"13":[0,0],"14":[0,0],"15":[0,0],"16":[0,0],"17":[0,0],"18":[0,0],"19":[0,0],"20":[0,0],"21":[0,0],"22":[0,0],"23":[0,0],"24":[0,0],"25":[0,0,0,0,0],"26":[0,0],"27":[0,0]},"_coverageSchema":"1a1c01bbd47fc00a2c39e90264f33305004495a9","hash":"6344a0376a9f77f735d3b4a66759546497fd78c5"}
,"D:\\CU_CEDT\\y1-term-2\\se\\project\\backend\\controllers\\commentController.js": {"path":"D:\\CU_CEDT\\y1-term-2\\se\\project\\backend\\controllers\\commentController.js","statementMap":{"0":{"start":{"line":1,"column":16},"end":{"line":1,"column":44}},"1":{"start":{"line":2,"column":12},"end":{"line":2,"column":36}},"2":{"start":{"line":3,"column":13},"end":{"line":3,"column":38}},"3":{"start":{"line":8,"column":0},"end":{"line":27,"column":1}},"4":{"start":{"line":9,"column":4},"end":{"line":26,"column":5}},"5":{"start":{"line":10,"column":20},"end":{"line":10,"column":56}},"6":{"start":{"line":11,"column":8},"end":{"line":16,"column":9}},"7":{"start":{"line":12,"column":12},"end":{"line":15,"column":15}},"8":{"start":{"line":17,"column":25},"end":{"line":20,"column":10}},"9":{"start":{"line":22,"column":8},"end":{"line":22,"column":88}},"10":{"start":{"line":24,"column":8},"end":{"line":24,"column":78}},"11":{"start":{"line":25,"column":8},"end":{"line":25,"column":25}},"12":{"start":{"line":32,"column":0},"end":{"line":60,"column":1}},"13":{"start":{"line":33,"column":4},"end":{"line":59,"column":5}},"14":{"start":{"line":34,"column":8},"end":{"line":37,"column":9}},"15":{"start":{"line":34,"column":30},"end":{"line":34,"column":62}},"16":{"start":{"line":36,"column":12},"end":{"line":36,"column":44}},"17":{"start":{"line":38,"column":20},"end":{"line":38,"column":56}},"18":{"start":{"line":40,"column":8},"end":{"line":45,"column":9}},"19":{"start":{"line":41,"column":12},"end":{"line":44,"column":15}},"20":{"start":{"line":46,"column":21},"end":{"line":46,"column":53}},"21":{"start":{"line":47,"column":8},"end":{"line":52,"column":9}},"22":{"start":{"line":48,"column":12},"end":{"line":51,"column":15}},"23":{"start":{"line":53,"column":8},"end":{"line":53,"column":36}},"24":{"start":{"line":54,"column":24},"end":{"line":54,"column":54}},"25":{"start":{"line":55,"column":8},"end":{"line":55,"column":63}},"26":{"start":{"line":57,"column":8},"end":{"line":57,"column":78}},"27":{"start":{"line":58,"column":8},"end":{"line":58,"column":25}},"28":{"start":{"line":65,"column":0},"end":{"line":92,"column":1}},"29":{"start":{"line":66,"column":4},"end":{"line":91,"column":5}},"30":{"start":{"line":67,"column":22},"end":{"line":67,"column":59}},"31":{"start":{"line":68,"column":8},"end":{"line":73,"column":9}},"32":{"start":{"line":69,"column":12},"end":{"line":72,"column":15}},"33":{"start":{"line":75,"column":8},"end":{"line":80,"column":9}},"34":{"start":{"line":76,"column":12},"end":{"line":79,"column":15}},"35":{"start":{"line":82,"column":8},"end":{"line":85,"column":11}},"36":{"start":{"line":87,"column":8},"end":{"line":87,"column":62}},"37":{"start":{"line":89,"column":8},"end":{"line":89,"column":78}},"38":{"start":{"line":90,"column":8},"end":{"line":90,"column":25}},"39":{"start":{"line":97,"column":0},"end":{"line":121,"column":1}},"40":{"start":{"line":98,"column":4},"end":{"line":120,"column":5}},"41":{"start":{"line":99,"column":24},"end":{"line":99,"column":61}},"42":{"start":{"line":100,"column":8},"end":{"line":105,"column":9}},"43":{"start":{"line":101,"column":12},"end":{"line":104,"column":15}},"44":{"start":{"line":107,"column":8},"end":{"line":112,"column":9}},"45":{"start":{"line":108,"column":12},"end":{"line":111,"column":15}},"46":{"start":{"line":114,"column":8},"end":{"line":114,"column":34}},"47":{"start":{"line":115,"column":8},"end":{"line":115,"column":57}},"48":{"start":{"line":118,"column":8},"end":{"line":118,"column":78}},"49":{"start":{"line":119,"column":8},"end":{"line":119,"column":25}}},"fnMap":{"0":{"name":"(anonymous_0)","decl":{"start":{"line":8,"column":22},"end":{"line":8,"column":23}},"loc":{"start":{"line":8,"column":45},"end":{"line":27,"column":1}},"line":8},"1":{"name":"(anonymous_1)","decl":{"start":{"line":32,"column":21},"end":{"line":32,"column":22}},"loc":{"start":{"line":32,"column":45},"end":{"line":60,"column":1}},"line":32},"2":{"name":"(anonymous_2)","decl":{"start":{"line":65,"column":24},"end":{"line":65,"column":25}},"loc":{"start":{"line":65,"column":47},"end":{"line":92,"column":1}},"line":65},"3":{"name":"(anonymous_3)","decl":{"start":{"line":97,"column":24},"end":{"line":97,"column":25}},"loc":{"start":{"line":97,"column":47},"end":{"line":121,"column":1}},"line":97}},"branchMap":{"0":{"loc":{"start":{"line":11,"column":8},"end":{"line":16,"column":9}},"type":"if","locations":[{"start":{"line":11,"column":8},"end":{"line":16,"column":9}},{"start":{},"end":{}}],"line":11},"1":{"loc":{"start":{"line":34,"column":8},"end":{"line":37,"column":9}},"type":"if","locations":[{"start":{"line":34,"column":8},"end":{"line":37,"column":9}},{"start":{"line":35,"column":12},"end":{"line":37,"column":9}}],"line":34},"2":{"loc":{"start":{"line":40,"column":8},"end":{"line":45,"column":9}},"type":"if","locations":[{"start":{"line":40,"column":8},"end":{"line":45,"column":9}},{"start":{},"end":{}}],"line":40},"3":{"loc":{"start":{"line":47,"column":8},"end":{"line":52,"column":9}},"type":"if","locations":[{"start":{"line":47,"column":8},"end":{"line":52,"column":9}},{"start":{},"end":{}}],"line":47},"4":{"loc":{"start":{"line":47,"column":11},"end":{"line":47,"column":78}},"type":"binary-expr","locations":[{"start":{"line":47,"column":11},"end":{"line":47,"column":53}},{"start":{"line":47,"column":57},"end":{"line":47,"column":78}}],"line":47},"5":{"loc":{"start":{"line":68,"column":8},"end":{"line":73,"column":9}},"type":"if","locations":[{"start":{"line":68,"column":8},"end":{"line":73,"column":9}},{"start":{},"end":{}}],"line":68},"6":{"loc":{"start":{"line":75,"column":8},"end":{"line":80,"column":9}},"type":"if","locations":[{"start":{"line":75,"column":8},"end":{"line":80,"column":9}},{"start":{},"end":{}}],"line":75},"7":{"loc":{"start":{"line":100,"column":8},"end":{"line":105,"column":9}},"type":"if","locations":[{"start":{"line":100,"column":8},"end":{"line":105,"column":9}},{"start":{},"end":{}}],"line":100},"8":{"loc":{"start":{"line":107,"column":8},"end":{"line":112,"column":9}},"type":"if","locations":[{"start":{"line":107,"column":8},"end":{"line":112,"column":9}},{"start":{},"end":{}}],"line":107},"9":{"loc":{"start":{"line":107,"column":11},"end":{"line":107,"column":79}},"type":"binary-expr","locations":[{"start":{"line":107,"column":11},"end":{"line":107,"column":50}},{"start":{"line":107,"column":54},"end":{"line":107,"column":79}}],"line":107}},"s":{"0":2,"1":2,"2":2,"3":2,"4":0,"5":0,"6":0,"7":0,"8":0,"9":0,"10":0,"11":0,"12":2,"13":0,"14":0,"15":0,"16":0,"17":0,"18":0,"19":0,"20":0,"21":0,"22":0,"23":0,"24":0,"25":0,"26":0,"27":0,"28":2,"29":0,"30":0,"31":0,"32":0,"33":0,"34":0,"35":0,"36":0,"37":0,"38":0,"39":2,"40":0,"41":0,"42":0,"43":0,"44":0,"45":0,"46":0,"47":0,"48":0,"49":0},"f":{"0":0,"1":0,"2":0,"3":0},"b":{"0":[0,0],"1":[0,0],"2":[0,0],"3":[0,0],"4":[0,0],"5":[0,0],"6":[0,0],"7":[0,0],"8":[0,0],"9":[0,0]},"_coverageSchema":"1a1c01bbd47fc00a2c39e90264f33305004495a9","hash":"5a9738dd9fd63138a9f3deeb0d3ca4147ae2428e"}
,"D:\\CU_CEDT\\y1-term-2\\se\\project\\backend\\controllers\\promotions.js": {"path":"D:\\CU_CEDT\\y1-term-2\\se\\project\\backend\\controllers\\promotions.js","statementMap":{"0":{"start":{"line":1,"column":18},"end":{"line":1,"column":48}},"1":{"start":{"line":2,"column":26},"end":{"line":2,"column":64}},"2":{"start":{"line":7,"column":0},"end":{"line":60,"column":1}},"3":{"start":{"line":9,"column":21},"end":{"line":9,"column":37}},"4":{"start":{"line":10,"column":25},"end":{"line":10,"column":60}},"5":{"start":{"line":11,"column":4},"end":{"line":11,"column":58}},"6":{"start":{"line":11,"column":34},"end":{"line":11,"column":56}},"7":{"start":{"line":13,"column":4},"end":{"line":15,"column":5}},"8":{"start":{"line":14,"column":8},"end":{"line":14,"column":50}},"9":{"start":{"line":17,"column":19},"end":{"line":17,"column":43}},"10":{"start":{"line":18,"column":4},"end":{"line":18,"column":81}},"11":{"start":{"line":18,"column":68},"end":{"line":18,"column":79}},"12":{"start":{"line":19,"column":4},"end":{"line":19,"column":48}},"13":{"start":{"line":21,"column":4},"end":{"line":24,"column":5}},"14":{"start":{"line":22,"column":23},"end":{"line":22,"column":60}},"15":{"start":{"line":23,"column":8},"end":{"line":23,"column":37}},"16":{"start":{"line":26,"column":4},"end":{"line":31,"column":5}},"17":{"start":{"line":27,"column":23},"end":{"line":27,"column":58}},"18":{"start":{"line":28,"column":8},"end":{"line":28,"column":35}},"19":{"start":{"line":30,"column":8},"end":{"line":30,"column":42}},"20":{"start":{"line":33,"column":17},"end":{"line":33,"column":50}},"21":{"start":{"line":34,"column":18},"end":{"line":34,"column":53}},"22":{"start":{"line":35,"column":23},"end":{"line":35,"column":41}},"23":{"start":{"line":36,"column":21},"end":{"line":36,"column":33}},"24":{"start":{"line":37,"column":4},"end":{"line":59,"column":5}},"25":{"start":{"line":38,"column":22},"end":{"line":38,"column":54}},"26":{"start":{"line":39,"column":8},"end":{"line":39,"column":52}},"27":{"start":{"line":40,"column":27},"end":{"line":40,"column":38}},"28":{"start":{"line":41,"column":8},"end":{"line":41,"column":31}},"29":{"start":{"line":42,"column":27},"end":{"line":42,"column":29}},"30":{"start":{"line":43,"column":8},"end":{"line":45,"column":9}},"31":{"start":{"line":44,"column":12},"end":{"line":44,"column":56}},"32":{"start":{"line":46,"column":8},"end":{"line":48,"column":9}},"33":{"start":{"line":47,"column":12},"end":{"line":47,"column":56}},"34":{"start":{"line":50,"column":8},"end":{"line":55,"column":11}},"35":{"start":{"line":57,"column":8},"end":{"line":57,"column":78}},"36":{"start":{"line":58,"column":8},"end":{"line":58,"column":25}},"37":{"start":{"line":65,"column":0},"end":{"line":76,"column":1}},"38":{"start":{"line":66,"column":4},"end":{"line":75,"column":5}},"39":{"start":{"line":67,"column":26},"end":{"line":67,"column":86}},"40":{"start":{"line":68,"column":8},"end":{"line":70,"column":9}},"41":{"start":{"line":69,"column":12},"end":{"line":69,"column":92}},"42":{"start":{"line":71,"column":8},"end":{"line":71,"column":65}},"43":{"start":{"line":73,"column":8},"end":{"line":73,"column":78}},"44":{"start":{"line":74,"column":8},"end":{"line":74,"column":25}},"45":{"start":{"line":81,"column":0},"end":{"line":152,"column":1}},"46":{"start":{"line":82,"column":4},"end":{"line":151,"column":5}},"47":{"start":{"line":83,"column":38},"end":{"line":83,"column":46}},"48":{"start":{"line":84,"column":25},"end":{"line":84,"column":34}},"49":{"start":{"line":85,"column":8},"end":{"line":102,"column":9}},"50":{"start":{"line":86,"column":39},"end":{"line":86,"column":88}},"51":{"start":{"line":87,"column":12},"end":{"line":89,"column":13}},"52":{"start":{"line":88,"column":16},"end":{"line":88,"column":114}},"53":{"start":{"line":90,"column":12},"end":{"line":92,"column":13}},"54":{"start":{"line":91,"column":16},"end":{"line":91,"column":191}},"55":{"start":{"line":93,"column":12},"end":{"line":93,"column":49}},"56":{"start":{"line":94,"column":15},"end":{"line":102,"column":9}},"57":{"start":{"line":95,"column":12},"end":{"line":101,"column":13}},"58":{"start":{"line":96,"column":43},"end":{"line":96,"column":94}},"59":{"start":{"line":97,"column":16},"end":{"line":99,"column":17}},"60":{"start":{"line":98,"column":20},"end":{"line":98,"column":138}},"61":{"start":{"line":100,"column":16},"end":{"line":100,"column":47}},"62":{"start":{"line":104,"column":125},"end":{"line":104,"column":133}},"63":{"start":{"line":106,"column":8},"end":{"line":108,"column":9}},"64":{"start":{"line":107,"column":12},"end":{"line":107,"column":96}},"65":{"start":{"line":110,"column":8},"end":{"line":112,"column":9}},"66":{"start":{"line":111,"column":12},"end":{"line":111,"column":118}},"67":{"start":{"line":114,"column":8},"end":{"line":116,"column":9}},"68":{"start":{"line":115,"column":12},"end":{"line":115,"column":118}},"69":{"start":{"line":118,"column":8},"end":{"line":120,"column":9}},"70":{"start":{"line":119,"column":12},"end":{"line":119,"column":111}},"71":{"start":{"line":122,"column":8},"end":{"line":124,"column":9}},"72":{"start":{"line":123,"column":12},"end":{"line":123,"column":98}},"73":{"start":{"line":126,"column":22},"end":{"line":126,"column":41}},"74":{"start":{"line":127,"column":20},"end":{"line":127,"column":37}},"75":{"start":{"line":128,"column":8},"end":{"line":130,"column":9}},"76":{"start":{"line":129,"column":12},"end":{"line":129,"column":107}},"77":{"start":{"line":131,"column":30},"end":{"line":140,"column":9}},"78":{"start":{"line":142,"column":8},"end":{"line":144,"column":9}},"79":{"start":{"line":143,"column":12},"end":{"line":143,"column":48}},"80":{"start":{"line":146,"column":26},"end":{"line":146,"column":63}},"81":{"start":{"line":147,"column":8},"end":{"line":147,"column":65}},"82":{"start":{"line":149,"column":8},"end":{"line":149,"column":78}},"83":{"start":{"line":150,"column":8},"end":{"line":150,"column":25}},"84":{"start":{"line":157,"column":0},"end":{"line":198,"column":1}},"85":{"start":{"line":158,"column":4},"end":{"line":197,"column":5}},"86":{"start":{"line":160,"column":38},"end":{"line":160,"column":46}},"87":{"start":{"line":161,"column":24},"end":{"line":161,"column":63}},"88":{"start":{"line":162,"column":8},"end":{"line":164,"column":9}},"89":{"start":{"line":163,"column":12},"end":{"line":163,"column":92}},"90":{"start":{"line":165,"column":8},"end":{"line":186,"column":9}},"91":{"start":{"line":166,"column":39},"end":{"line":166,"column":88}},"92":{"start":{"line":167,"column":12},"end":{"line":169,"column":13}},"93":{"start":{"line":168,"column":16},"end":{"line":168,"column":114}},"94":{"start":{"line":171,"column":12},"end":{"line":173,"column":13}},"95":{"start":{"line":172,"column":16},"end":{"line":172,"column":125}},"96":{"start":{"line":175,"column":12},"end":{"line":177,"column":13}},"97":{"start":{"line":176,"column":16},"end":{"line":176,"column":194}},"98":{"start":{"line":179,"column":13},"end":{"line":186,"column":9}},"99":{"start":{"line":180,"column":12},"end":{"line":185,"column":13}},"100":{"start":{"line":181,"column":43},"end":{"line":181,"column":103}},"101":{"start":{"line":182,"column":16},"end":{"line":184,"column":17}},"102":{"start":{"line":183,"column":20},"end":{"line":183,"column":138}},"103":{"start":{"line":188,"column":8},"end":{"line":191,"column":11}},"104":{"start":{"line":193,"column":8},"end":{"line":193,"column":65}},"105":{"start":{"line":195,"column":8},"end":{"line":195,"column":78}},"106":{"start":{"line":196,"column":8},"end":{"line":196,"column":25}},"107":{"start":{"line":203,"column":0},"end":{"line":241,"column":1}},"108":{"start":{"line":204,"column":3},"end":{"line":240,"column":5}},"109":{"start":{"line":206,"column":38},"end":{"line":206,"column":46}},"110":{"start":{"line":207,"column":26},"end":{"line":207,"column":65}},"111":{"start":{"line":208,"column":8},"end":{"line":210,"column":9}},"112":{"start":{"line":209,"column":12},"end":{"line":209,"column":92}},"113":{"start":{"line":212,"column":8},"end":{"line":233,"column":9}},"114":{"start":{"line":213,"column":39},"end":{"line":213,"column":88}},"115":{"start":{"line":214,"column":12},"end":{"line":216,"column":13}},"116":{"start":{"line":215,"column":16},"end":{"line":215,"column":114}},"117":{"start":{"line":218,"column":12},"end":{"line":220,"column":13}},"118":{"start":{"line":219,"column":16},"end":{"line":219,"column":125}},"119":{"start":{"line":222,"column":12},"end":{"line":224,"column":13}},"120":{"start":{"line":223,"column":16},"end":{"line":223,"column":194}},"121":{"start":{"line":226,"column":13},"end":{"line":233,"column":9}},"122":{"start":{"line":227,"column":12},"end":{"line":232,"column":13}},"123":{"start":{"line":228,"column":43},"end":{"line":228,"column":103}},"124":{"start":{"line":229,"column":16},"end":{"line":231,"column":17}},"125":{"start":{"line":230,"column":20},"end":{"line":230,"column":138}},"126":{"start":{"line":235,"column":8},"end":{"line":235,"column":36}},"127":{"start":{"line":236,"column":8},"end":{"line":236,"column":78}},"128":{"start":{"line":238,"column":8},"end":{"line":238,"column":78}},"129":{"start":{"line":239,"column":8},"end":{"line":239,"column":25}}},"fnMap":{"0":{"name":"(anonymous_0)","decl":{"start":{"line":7,"column":24},"end":{"line":7,"column":25}},"loc":{"start":{"line":7,"column":50},"end":{"line":60,"column":1}},"line":7},"1":{"name":"(anonymous_1)","decl":{"start":{"line":11,"column":25},"end":{"line":11,"column":26}},"loc":{"start":{"line":11,"column":34},"end":{"line":11,"column":56}},"line":11},"2":{"name":"(anonymous_2)","decl":{"start":{"line":18,"column":59},"end":{"line":18,"column":60}},"loc":{"start":{"line":18,"column":68},"end":{"line":18,"column":79}},"line":18},"3":{"name":"(anonymous_3)","decl":{"start":{"line":65,"column":23},"end":{"line":65,"column":24}},"loc":{"start":{"line":65,"column":49},"end":{"line":76,"column":1}},"line":65},"4":{"name":"(anonymous_4)","decl":{"start":{"line":81,"column":26},"end":{"line":81,"column":27}},"loc":{"start":{"line":81,"column":52},"end":{"line":152,"column":1}},"line":81},"5":{"name":"(anonymous_5)","decl":{"start":{"line":157,"column":26},"end":{"line":157,"column":27}},"loc":{"start":{"line":157,"column":52},"end":{"line":198,"column":1}},"line":157},"6":{"name":"(anonymous_6)","decl":{"start":{"line":203,"column":26},"end":{"line":203,"column":27}},"loc":{"start":{"line":203,"column":52},"end":{"line":241,"column":1}},"line":203}},"branchMap":{"0":{"loc":{"start":{"line":13,"column":4},"end":{"line":15,"column":5}},"type":"if","locations":[{"start":{"line":13,"column":4},"end":{"line":15,"column":5}},{"start":{},"end":{}}],"line":13},"1":{"loc":{"start":{"line":21,"column":4},"end":{"line":24,"column":5}},"type":"if","locations":[{"start":{"line":21,"column":4},"end":{"line":24,"column":5}},{"start":{},"end":{}}],"line":21},"2":{"loc":{"start":{"line":26,"column":4},"end":{"line":31,"column":5}},"type":"if","locations":[{"start":{"line":26,"column":4},"end":{"line":31,"column":5}},{"start":{"line":29,"column":11},"end":{"line":31,"column":5}}],"line":26},"3":{"loc":{"start":{"line":33,"column":17},"end":{"line":33,"column":50}},"type":"binary-expr","locations":[{"start":{"line":33,"column":17},"end":{"line":33,"column":45}},{"start":{"line":33,"column":49},"end":{"line":33,"column":50}}],"line":33},"4":{"loc":{"start":{"line":34,"column":18},"end":{"line":34,"column":53}},"type":"binary-expr","locations":[{"start":{"line":34,"column":18},"end":{"line":34,"column":47}},{"start":{"line":34,"column":51},"end":{"line":34,"column":53}}],"line":34},"5":{"loc":{"start":{"line":43,"column":8},"end":{"line":45,"column":9}},"type":"if","locations":[{"start":{"line":43,"column":8},"end":{"line":45,"column":9}},{"start":{},"end":{}}],"line":43},"6":{"loc":{"start":{"line":46,"column":8},"end":{"line":48,"column":9}},"type":"if","locations":[{"start":{"line":46,"column":8},"end":{"line":48,"column":9}},{"start":{},"end":{}}],"line":46},"7":{"loc":{"start":{"line":68,"column":8},"end":{"line":70,"column":9}},"type":"if","locations":[{"start":{"line":68,"column":8},"end":{"line":70,"column":9}},{"start":{},"end":{}}],"line":68},"8":{"loc":{"start":{"line":85,"column":8},"end":{"line":102,"column":9}},"type":"if","locations":[{"start":{"line":85,"column":8},"end":{"line":102,"column":9}},{"start":{"line":94,"column":15},"end":{"line":102,"column":9}}],"line":85},"9":{"loc":{"start":{"line":87,"column":12},"end":{"line":89,"column":13}},"type":"if","locations":[{"start":{"line":87,"column":12},"end":{"line":89,"column":13}},{"start":{},"end":{}}],"line":87},"10":{"loc":{"start":{"line":90,"column":12},"end":{"line":92,"column":13}},"type":"if","locations":[{"start":{"line":90,"column":12},"end":{"line":92,"column":13}},{"start":{},"end":{}}],"line":90},"11":{"loc":{"start":{"line":90,"column":16},"end":{"line":90,"column":87}},"type":"binary-expr","locations":[{"start":{"line":90,"column":16},"end":{"line":90,"column":33}},{"start":{"line":90,"column":37},"end":{"line":90,"column":87}}],"line":90},"12":{"loc":{"start":{"line":94,"column":15},"end":{"line":102,"column":9}},"type":"if","locations":[{"start":{"line":94,"column":15},"end":{"line":102,"column":9}},{"start":{},"end":{}}],"line":94},"13":{"loc":{"start":{"line":95,"column":12},"end":{"line":101,"column":13}},"type":"if","locations":[{"start":{"line":95,"column":12},"end":{"line":101,"column":13}},{"start":{},"end":{}}],"line":95},"14":{"loc":{"start":{"line":97,"column":16},"end":{"line":99,"column":17}},"type":"if","locations":[{"start":{"line":97,"column":16},"end":{"line":99,"column":17}},{"start":{},"end":{}}],"line":97},"15":{"loc":{"start":{"line":106,"column":8},"end":{"line":108,"column":9}},"type":"if","locations":[{"start":{"line":106,"column":8},"end":{"line":108,"column":9}},{"start":{},"end":{}}],"line":106},"16":{"loc":{"start":{"line":106,"column":12},"end":{"line":106,"column":174}},"type":"binary-expr","locations":[{"start":{"line":106,"column":12},"end":{"line":106,"column":31}},{"start":{"line":106,"column":35},"end":{"line":106,"column":67}},{"start":{"line":106,"column":71},"end":{"line":106,"column":102}},{"start":{"line":106,"column":106},"end":{"line":106,"column":137}},{"start":{"line":106,"column":141},"end":{"line":106,"column":151}},{"start":{"line":106,"column":155},"end":{"line":106,"column":163}},{"start":{"line":106,"column":167},"end":{"line":106,"column":174}}],"line":106},"17":{"loc":{"start":{"line":110,"column":8},"end":{"line":112,"column":9}},"type":"if","locations":[{"start":{"line":110,"column":8},"end":{"line":112,"column":9}},{"start":{},"end":{}}],"line":110},"18":{"loc":{"start":{"line":110,"column":12},"end":{"line":110,"column":63}},"type":"binary-expr","locations":[{"start":{"line":110,"column":12},"end":{"line":110,"column":35}},{"start":{"line":110,"column":39},"end":{"line":110,"column":63}}],"line":110},"19":{"loc":{"start":{"line":114,"column":8},"end":{"line":116,"column":9}},"type":"if","locations":[{"start":{"line":114,"column":8},"end":{"line":116,"column":9}},{"start":{},"end":{}}],"line":114},"20":{"loc":{"start":{"line":118,"column":8},"end":{"line":120,"column":9}},"type":"if","locations":[{"start":{"line":118,"column":8},"end":{"line":120,"column":9}},{"start":{},"end":{}}],"line":118},"21":{"loc":{"start":{"line":122,"column":8},"end":{"line":124,"column":9}},"type":"if","locations":[{"start":{"line":122,"column":8},"end":{"line":124,"column":9}},{"start":{},"end":{}}],"line":122},"22":{"loc":{"start":{"line":128,"column":8},"end":{"line":130,"column":9}},"type":"if","locations":[{"start":{"line":128,"column":8},"end":{"line":130,"column":9}},{"start":{},"end":{}}],"line":128},"23":{"loc":{"start":{"line":142,"column":8},"end":{"line":144,"column":9}},"type":"if","locations":[{"start":{"line":142,"column":8},"end":{"line":144,"column":9}},{"start":{},"end":{}}],"line":142},"24":{"loc":{"start":{"line":162,"column":8},"end":{"line":164,"column":9}},"type":"if","locations":[{"start":{"line":162,"column":8},"end":{"line":164,"column":9}},{"start":{},"end":{}}],"line":162},"25":{"loc":{"start":{"line":165,"column":8},"end":{"line":186,"column":9}},"type":"if","locations":[{"start":{"line":165,"column":8},"end":{"line":186,"column":9}},{"start":{"line":179,"column":13},"end":{"line":186,"column":9}}],"line":165},"26":{"loc":{"start":{"line":167,"column":12},"end":{"line":169,"column":13}},"type":"if","locations":[{"start":{"line":167,"column":12},"end":{"line":169,"column":13}},{"start":{},"end":{}}],"line":167},"27":{"loc":{"start":{"line":171,"column":12},"end":{"line":173,"column":13}},"type":"if","locations":[{"start":{"line":171,"column":12},"end":{"line":173,"column":13}},{"start":{},"end":{}}],"line":171},"28":{"loc":{"start":{"line":171,"column":16},"end":{"line":171,"column":107}},"type":"binary-expr","locations":[{"start":{"line":171,"column":16},"end":{"line":171,"column":35}},{"start":{"line":171,"column":39},"end":{"line":171,"column":107}}],"line":171},"29":{"loc":{"start":{"line":175,"column":12},"end":{"line":177,"column":13}},"type":"if","locations":[{"start":{"line":175,"column":12},"end":{"line":177,"column":13}},{"start":{},"end":{}}],"line":175},"30":{"loc":{"start":{"line":175,"column":16},"end":{"line":175,"column":87}},"type":"binary-expr","locations":[{"start":{"line":175,"column":16},"end":{"line":175,"column":33}},{"start":{"line":175,"column":37},"end":{"line":175,"column":87}}],"line":175},"31":{"loc":{"start":{"line":179,"column":13},"end":{"line":186,"column":9}},"type":"if","locations":[{"start":{"line":179,"column":13},"end":{"line":186,"column":9}},{"start":{},"end":{}}],"line":179},"32":{"loc":{"start":{"line":180,"column":12},"end":{"line":185,"column":13}},"type":"if","locations":[{"start":{"line":180,"column":12},"end":{"line":185,"column":13}},{"start":{},"end":{}}],"line":180},"33":{"loc":{"start":{"line":182,"column":16},"end":{"line":184,"column":17}},"type":"if","locations":[{"start":{"line":182,"column":16},"end":{"line":184,"column":17}},{"start":{},"end":{}}],"line":182},"34":{"loc":{"start":{"line":208,"column":8},"end":{"line":210,"column":9}},"type":"if","locations":[{"start":{"line":208,"column":8},"end":{"line":210,"column":9}},{"start":{},"end":{}}],"line":208},"35":{"loc":{"start":{"line":212,"column":8},"end":{"line":233,"column":9}},"type":"if","locations":[{"start":{"line":212,"column":8},"end":{"line":233,"column":9}},{"start":{"line":226,"column":13},"end":{"line":233,"column":9}}],"line":212},"36":{"loc":{"start":{"line":214,"column":12},"end":{"line":216,"column":13}},"type":"if","locations":[{"start":{"line":214,"column":12},"end":{"line":216,"column":13}},{"start":{},"end":{}}],"line":214},"37":{"loc":{"start":{"line":218,"column":12},"end":{"line":220,"column":13}},"type":"if","locations":[{"start":{"line":218,"column":12},"end":{"line":220,"column":13}},{"start":{},"end":{}}],"line":218},"38":{"loc":{"start":{"line":218,"column":16},"end":{"line":218,"column":107}},"type":"binary-expr","locations":[{"start":{"line":218,"column":16},"end":{"line":218,"column":35}},{"start":{"line":218,"column":39},"end":{"line":218,"column":107}}],"line":218},"39":{"loc":{"start":{"line":222,"column":12},"end":{"line":224,"column":13}},"type":"if","locations":[{"start":{"line":222,"column":12},"end":{"line":224,"column":13}},{"start":{},"end":{}}],"line":222},"40":{"loc":{"start":{"line":222,"column":16},"end":{"line":222,"column":87}},"type":"binary-expr","locations":[{"start":{"line":222,"column":16},"end":{"line":222,"column":33}},{"start":{"line":222,"column":37},"end":{"line":222,"column":87}}],"line":222},"41":{"loc":{"start":{"line":226,"column":13},"end":{"line":233,"column":9}},"type":"if","locations":[{"start":{"line":226,"column":13},"end":{"line":233,"column":9}},{"start":{},"end":{}}],"line":226},"42":{"loc":{"start":{"line":227,"column":12},"end":{"line":232,"column":13}},"type":"if","locations":[{"start":{"line":227,"column":12},"end":{"line":232,"column":13}},{"start":{},"end":{}}],"line":227},"43":{"loc":{"start":{"line":229,"column":16},"end":{"line":231,"column":17}},"type":"if","locations":[{"start":{"line":229,"column":16},"end":{"line":231,"column":17}},{"start":{},"end":{}}],"line":229}},"s":{"0":2,"1":2,"2":2,"3":0,"4":0,"5":0,"6":0,"7":0,"8":0,"9":0,"10":0,"11":0,"12":0,"13":0,"14":0,"15":0,"16":0,"17":0,"18":0,"19":0,"20":0,"21":0,"22":0,"23":0,"24":0,"25":0,"26":0,"27":0,"28":0,"29":0,"30":0,"31":0,"32":0,"33":0,"34":0,"35":0,"36":0,"37":2,"38":0,"39":0,"40":0,"41":0,"42":0,"43":0,"44":0,"45":2,"46":0,"47":0,"48":0,"49":0,"50":0,"51":0,"52":0,"53":0,"54":0,"55":0,"56":0,"57":0,"58":0,"59":0,"60":0,"61":0,"62":0,"63":0,"64":0,"65":0,"66":0,"67":0,"68":0,"69":0,"70":0,"71":0,"72":0,"73":0,"74":0,"75":0,"76":0,"77":0,"78":0,"79":0,"80":0,"81":0,"82":0,"83":0,"84":2,"85":0,"86":0,"87":0,"88":0,"89":0,"90":0,"91":0,"92":0,"93":0,"94":0,"95":0,"96":0,"97":0,"98":0,"99":0,"100":0,"101":0,"102":0,"103":0,"104":0,"105":0,"106":0,"107":2,"108":0,"109":0,"110":0,"111":0,"112":0,"113":0,"114":0,"115":0,"116":0,"117":0,"118":0,"119":0,"120":0,"121":0,"122":0,"123":0,"124":0,"125":0,"126":0,"127":0,"128":0,"129":0},"f":{"0":0,"1":0,"2":0,"3":0,"4":0,"5":0,"6":0},"b":{"0":[0,0],"1":[0,0],"2":[0,0],"3":[0,0],"4":[0,0],"5":[0,0],"6":[0,0],"7":[0,0],"8":[0,0],"9":[0,0],"10":[0,0],"11":[0,0],"12":[0,0],"13":[0,0],"14":[0,0],"15":[0,0],"16":[0,0,0,0,0,0,0],"17":[0,0],"18":[0,0],"19":[0,0],"20":[0,0],"21":[0,0],"22":[0,0],"23":[0,0],"24":[0,0],"25":[0,0],"26":[0,0],"27":[0,0],"28":[0,0],"29":[0,0],"30":[0,0],"31":[0,0],"32":[0,0],"33":[0,0],"34":[0,0],"35":[0,0],"36":[0,0],"37":[0,0],"38":[0,0],"39":[0,0],"40":[0,0],"41":[0,0],"42":[0,0],"43":[0,0]},"_coverageSchema":"1a1c01bbd47fc00a2c39e90264f33305004495a9","hash":"3395ec06d2653969ac2137f7e4f0be259b64224b"}
,"D:\\CU_CEDT\\y1-term-2\\se\\project\\backend\\controllers\\rentalCarProviders.js": {"path":"D:\\CU_CEDT\\y1-term-2\\se\\project\\backend\\controllers\\rentalCarProviders.js","statementMap":{"0":{"start":{"line":1,"column":16},"end":{"line":1,"column":44}},"1":{"start":{"line":2,"column":12},"end":{"line":2,"column":36}},"2":{"start":{"line":3,"column":26},"end":{"line":3,"column":64}},"3":{"start":{"line":4,"column":16},"end":{"line":4,"column":44}},"4":{"start":{"line":5,"column":13},"end":{"line":5,"column":38}},"5":{"start":{"line":10,"column":0},"end":{"line":65,"column":2}},"6":{"start":{"line":11,"column":4},"end":{"line":64,"column":5}},"7":{"start":{"line":14,"column":25},"end":{"line":14,"column":41}},"8":{"start":{"line":15,"column":29},"end":{"line":15,"column":64}},"9":{"start":{"line":16,"column":8},"end":{"line":16,"column":62}},"10":{"start":{"line":16,"column":38},"end":{"line":16,"column":60}},"11":{"start":{"line":17,"column":8},"end":{"line":17,"column":30}},"12":{"start":{"line":19,"column":23},"end":{"line":19,"column":48}},"13":{"start":{"line":20,"column":8},"end":{"line":20,"column":85}},"14":{"start":{"line":20,"column":72},"end":{"line":20,"column":83}},"15":{"start":{"line":21,"column":8},"end":{"line":23,"column":11}},"16":{"start":{"line":25,"column":8},"end":{"line":28,"column":9}},"17":{"start":{"line":26,"column":27},"end":{"line":26,"column":64}},"18":{"start":{"line":27,"column":12},"end":{"line":27,"column":41}},"19":{"start":{"line":30,"column":8},"end":{"line":35,"column":9}},"20":{"start":{"line":31,"column":27},"end":{"line":31,"column":62}},"21":{"start":{"line":32,"column":12},"end":{"line":32,"column":39}},"22":{"start":{"line":34,"column":12},"end":{"line":34,"column":45}},"23":{"start":{"line":37,"column":21},"end":{"line":37,"column":54}},"24":{"start":{"line":38,"column":22},"end":{"line":38,"column":57}},"25":{"start":{"line":39,"column":27},"end":{"line":39,"column":45}},"26":{"start":{"line":40,"column":25},"end":{"line":40,"column":37}},"27":{"start":{"line":41,"column":22},"end":{"line":41,"column":62}},"28":{"start":{"line":43,"column":8},"end":{"line":43,"column":52}},"29":{"start":{"line":44,"column":35},"end":{"line":44,"column":46}},"30":{"start":{"line":45,"column":27},"end":{"line":45,"column":29}},"31":{"start":{"line":47,"column":8},"end":{"line":52,"column":9}},"32":{"start":{"line":48,"column":12},"end":{"line":51,"column":13}},"33":{"start":{"line":53,"column":8},"end":{"line":58,"column":9}},"34":{"start":{"line":54,"column":12},"end":{"line":57,"column":13}},"35":{"start":{"line":60,"column":8},"end":{"line":60,"column":119}},"36":{"start":{"line":62,"column":8},"end":{"line":62,"column":78}},"37":{"start":{"line":63,"column":8},"end":{"line":63,"column":25}},"38":{"start":{"line":70,"column":0},"end":{"line":82,"column":2}},"39":{"start":{"line":71,"column":4},"end":{"line":81,"column":5}},"40":{"start":{"line":72,"column":34},"end":{"line":72,"column":98}},"41":{"start":{"line":73,"column":8},"end":{"line":75,"column":9}},"42":{"start":{"line":74,"column":12},"end":{"line":74,"column":59}},"43":{"start":{"line":77,"column":8},"end":{"line":77,"column":72}},"44":{"start":{"line":79,"column":8},"end":{"line":79,"column":78}},"45":{"start":{"line":80,"column":8},"end":{"line":80,"column":25}},"46":{"start":{"line":87,"column":0},"end":{"line":114,"column":2}},"47":{"start":{"line":88,"column":4},"end":{"line":112,"column":5}},"48":{"start":{"line":89,"column":33},"end":{"line":89,"column":88}},"49":{"start":{"line":90,"column":8},"end":{"line":95,"column":9}},"50":{"start":{"line":91,"column":12},"
[...]
,"column":8},"end":{"line":162,"column":71}},"83":{"start":{"line":163,"column":8},"end":{"line":163,"column":44}},"84":{"start":{"line":165,"column":8},"end":{"line":165,"column":58}},"85":{"start":{"line":167,"column":8},"end":{"line":167,"column":78}},"86":{"start":{"line":168,"column":8},"end":{"line":168,"column":25}}},"fnMap":{"0":{"name":"(anonymous_0)","decl":{"start":{"line":10,"column":32},"end":{"line":10,"column":33}},"loc":{"start":{"line":10,"column":58},"end":{"line":65,"column":1}},"line":10},"1":{"name":"(anonymous_1)","decl":{"start":{"line":16,"column":29},"end":{"line":16,"column":30}},"loc":{"start":{"line":16,"column":38},"end":{"line":16,"column":60}},"line":16},"2":{"name":"(anonymous_2)","decl":{"start":{"line":20,"column":63},"end":{"line":20,"column":64}},"loc":{"start":{"line":20,"column":72},"end":{"line":20,"column":83}},"line":20},"3":{"name":"(anonymous_3)","decl":{"start":{"line":70,"column":31},"end":{"line":70,"column":32}},"loc":{"start":{"line":70,"column":57},"end":{"line":82,"column":1}},"line":70},"4":{"name":"(anonymous_4)","decl":{"start":{"line":87,"column":34},"end":{"line":87,"column":35}},"loc":{"start":{"line":87,"column":60},"end":{"line":114,"column":1}},"line":87},"5":{"name":"(anonymous_5)","decl":{"start":{"line":119,"column":34},"end":{"line":119,"column":35}},"loc":{"start":{"line":119,"column":60},"end":{"line":143,"column":1}},"line":119},"6":{"name":"(anonymous_6)","decl":{"start":{"line":148,"column":34},"end":{"line":148,"column":35}},"loc":{"start":{"line":148,"column":60},"end":{"line":170,"column":1}},"line":148},"7":{"name":"(anonymous_7)","decl":{"start":{"line":159,"column":32},"end":{"line":159,"column":33}},"loc":{"start":{"line":159,"column":39},"end":{"line":159,"column":46}},"line":159}},"branchMap":{"0":{"loc":{"start":{"line":25,"column":8},"end":{"line":28,"column":9}},"type":"if","locations":[{"start":{"line":25,"column":8},"end":{"line":28,"column":9}},{"start":{},"end":{}}],"line":25},"1":{"loc":{"start":{"line":30,"column":8},"end":{"line":35,"column":9}},"type":"if","locations":[{"start":{"line":30,"column":8},"end":{"line":35,"column":9}},{"start":{"line":33,"column":15},"end":{"line":35,"column":9}}],"line":30},"2":{"loc":{"start":{"line":37,"column":21},"end":{"line":37,"column":54}},"type":"binary-expr","locations":[{"start":{"line":37,"column":21},"end":{"line":37,"column":49}},{"start":{"line":37,"column":53},"end":{"line":37,"column":54}}],"line":37},"3":{"loc":{"start":{"line":38,"column":22},"end":{"line":38,"column":57}},"type":"binary-expr","locations":[{"start":{"line":38,"column":22},"end":{"line":38,"column":51}},{"start":{"line":38,"column":55},"end":{"line":38,"column":57}}],"line":38},"4":{"loc":{"start":{"line":47,"column":8},"end":{"line":52,"column":9}},"type":"if","locations":[{"start":{"line":47,"column":8},"end":{"line":52,"column":9}},{"start":{},"end":{}}],"line":47},"5":{"loc":{"start":{"line":53,"column":8},"end":{"line":58,"column":9}},"type":"if","locations":[{"start":{"line":53,"column":8},"end":{"line":58,"column":9}},{"start":{},"end":{}}],"line":53},"6":{"loc":{"start":{"line":73,"column":8},"end":{"line":75,"column":9}},"type":"if","locations":[{"start":{"line":73,"column":8},"end":{"line":75,"column":9}},{"start":{},"end":{}}],"line":73},"7":{"loc":{"start":{"line":90,"column":8},"end":{"line":95,"column":9}},"type":"if","locations":[{"start":{"line":90,"column":8},"end":{"line":95,"column":9}},{"start":{},"end":{}}],"line":90},"8":{"loc":{"start":{"line":98,"column":8},"end":{"line":103,"column":9}},"type":"if","locations":[{"start":{"line":98,"column":8},"end":{"line":103,"column":9}},{"start":{},"end":{}}],"line":98},"9":{"loc":{"start":{"line":122,"column":8},"end":{"line":124,"column":9}},"type":"if","locations":[{"start":{"line":122,"column":8},"end":{"line":124,"column":9}},{"start":{},"end":{}}],"line":122},"10":{"loc":{"start":{"line":126,"column":8},"end":{"line":131,"column":9}},"type":"if","locations":[{"start":{"line":126,"column":8},"end":{"line":131,"column":9}},{"start":{},"end":{}}],"line":126},"11":{"loc":{"start":{"line":126,"column":12},"end":{"line":126,"column":105}},"type":"binary-expr","locations":[{"start":{"line":126,"column":12},"end":{"line":126,"column":40}},{"start":{"line":126,"column":44},"end":{"line":126,"column":105}}],"line":126},"12":{"loc":{"start":{"line":151,"column":8},"end":{"line":156,"column":9}},"type":"if","locations":[{"start":{"line":151,"column":8},"end":{"line":156,"column":9}},{"start":{},"end":{}}],"line":151}},"s":{"0":2,"1":2,"2":2,"3":2,"4":2,"5":2,"6":0,"7":0,"8":0,"9":0,"10":0,"11":0,"12":0,"13":0,"14":0,"15":0,"16":0,"17":0,"18":0,"19":0,"20":0,"21":0,"22":0,"23":0,"24":0,"25":0,"26":0,"27":0,"28":0,"29":0,"30":0,"31":0,"32":0,"33":0,"34":0,"35":0,"36":0,"37":0,"38":2,"39":0,"40":0,"41":0,"42":0,"43":0,"44":0,"45":0,"46":2,"47":1,"48":1,"49":1,"50":0,"51":1,"52":1,"53":0,"54":1,"55":1,"56":1,"57":1,"58":1,"59":0,"60":0,"61":2,"62":0,"63":0,"64":0,"65":0,"66":0,"67":0,"68":0,"69":0,"70":0,"71":0,"72":2,"73":0,"74":0,"75":0,"76":0,"77":0,"78":0,"79":0,"80":0,"81":0,"82":0,"83":0,"84":0,"85":0,"86":0},"f":{"0":0,"1":0,"2":0,"3":0,"4":1,"5":0,"6":0,"7":0},"b":{"0":[0,0],"1":[0,0],"2":[0,0],"3":[0,0],"4":[0,0],"5":[0,0],"6":[0,0],"7":[0,1],"8":[0,1],"9":[0,0],"10":[0,0],"11":[0,0],"12":[0,0]},"_coverageSchema":"1a1c01bbd47fc00a2c39e90264f33305004495a9","hash":"e994fabe4aae593f7c2e0689904b8e029eb9769c"}
,"D:\\CU_CEDT\\y1-term-2\\se\\project\\backend\\middleware\\auth.js": {"path":"D:\\CU_CEDT\\y1-term-2\\se\\project\\backend\\middleware\\auth.js","statementMap":{"0":{"start":{"line":1,"column":12},"end":{"line":1,"column":35}},"1":{"start":{"line":2,"column":13},"end":{"line":2,"column":38}},"2":{"start":{"line":4,"column":0},"end":{"line":24,"column":1}},"3":{"start":{"line":7,"column":4},"end":{"line":9,"column":5}},"4":{"start":{"line":8,"column":8},"end":{"line":8,"column":56}},"5":{"start":{"line":11,"column":4},"end":{"line":13,"column":5}},"6":{"start":{"line":12,"column":8},"end":{"line":12,"column":84}},"7":{"start":{"line":15,"column":4},"end":{"line":23,"column":5}},"8":{"start":{"line":16,"column":24},"end":{"line":16,"column":65}},"9":{"start":{"line":17,"column":8},"end":{"line":17,"column":29}},"10":{"start":{"line":18,"column":8},"end":{"line":18,"column":51}},"11":{"start":{"line":19,"column":8},"end":{"line":19,"column":15}},"12":{"start":{"line":21,"column":8},"end":{"line":21,"column":33}},"13":{"start":{"line":22,"column":8},"end":{"line":22,"column":84}},"14":{"start":{"line":26,"column":0},"end":{"line":33,"column":1}},"15":{"start":{"line":27,"column":4},"end":{"line":32,"column":5}},"16":{"start":{"line":28,"column":8},"end":{"line":30,"column":9}},"17":{"start":{"line":29,"column":12},"end":{"line":29,"column":113}},"18":{"start":{"line":31,"column":8},"end":{"line":31,"column":15}}},"fnMap":{"0":{"name":"(anonymous_0)","decl":{"start":{"line":4,"column":18},"end":{"line":4,"column":19}},"loc":{"start":{"line":4,"column":44},"end":{"line":24,"column":1}},"line":4},"1":{"name":"(anonymous_1)","decl":{"start":{"line":26,"column":20},"end":{"line":26,"column":21}},"loc":{"start":{"line":26,"column":34},"end":{"line":33,"column":1}},"line":26},"2":{"name":"(anonymous_2)","decl":{"start":{"line":27,"column":11},"end":{"line":27,"column":12}},"loc":{"start":{"line":27,"column":31},"end":{"line":32,"column":5}},"line":27}},"branchMap":{"0":{"loc":{"start":{"line":7,"column":4},"end":{"line":9,"column":5}},"type":"if","locations":[{"start":{"line":7,"column":4},"end":{"line":9,"column":5}},{"start":{},"end":{}}],"line":7},"1":{"loc":{"start":{"line":7,"column":7},"end":{"line":7,"column":82}},"type":"binary-expr","locations":[{"start":{"line":7,"column":7},"end":{"line":7,"column":32}},{"start":{"line":7,"column":36},"end":{"line":7,"column":82}}],"line":7},"2":{"loc":{"start":{"line":11,"column":4},"end":{"line":13,"column":5}},"type":"if","locations":[{"start":{"line":11,"column":4},"end":{"line":13,"column":5}},{"start":{},"end":{}}],"line":11},"3":{"loc":{"start":{"line":11,"column":7},"end":{"line":11,"column":32}},"type":"binary-expr","locations":[{"start":{"line":11,"column":7},"end":{"line":11,"column":13}},{"start":{"line":11,"column":17},"end":{"line":11,"column":32}}],"line":11},"4":{"loc":{"start":{"line":28,"column":8},"end":{"line":30,"column":9}},"type":"if","locations":[{"start":{"line":28,"column":8},"end":{"line":30,"column":9}},{"start":{},"end":{}}],"line":28}},"s":{"0":2,"1":2,"2":2,"3":4,"4":4,"5":4,"6":0,"7":4,"8":4,"9":4,"10":4,"11":4,"12":0,"13":0,"14":2,"15":30,"16":1,"17":0,"18":1},"f":{"0":4,"1":30,"2":1},"b":{"0":[4,0],"1":[4,4],"2":[0,4],"3":[4,4],"4":[0,1]},"_coverageSchema":"1a1c01bbd47fc00a2c39e90264f33305004495a9","hash":"7498cdedb96404a4b6d319d4b4688c8a1f23bc5a"}
,"D:\\CU_CEDT\\y1-term-2\\se\\project\\backend\\models\\Booking.js": {"path":"D:\\CU_CEDT\\y1-term-2\\se\\project\\backend\\models\\Booking.js","statementMap":{"0":{"start":{"line":1,"column":17},"end":{"line":1,"column":36}},"1":{"start":{"line":3,"column":22},"end":{"line":35,"column":2}},"2":{"start":{"line":37,"column":0},"end":{"line":37,"column":58}}},"fnMap":{},"branchMap":{},"s":{"0":2,"1":2,"2":2},"f":{},"b":{},"_coverageSchema":"1a1c01bbd47fc00a2c39e90264f33305004495a9","hash":"972dc09e0d787442eede5609bedb1868e61bdaa2"}
,"D:\\CU_CEDT\\y1-term-2\\se\\project\\backend\\models\\Car.js": {"path":"D:\\CU_CEDT\\y1-term-2\\se\\project\\backend\\models\\Car.js","statementMap":{"0":{"start":{"line":1,"column":17},"end":{"line":1,"column":36}},"1":{"start":{"line":3,"column":18},"end":{"line":67,"column":1}},"2":{"start":{"line":69,"column":0},"end":{"line":69,"column":50}}},"fnMap":{},"branchMap":{},"s":{"0":2,"1":2,"2":2},"f":{},"b":{},"_coverageSchema":"1a1c01bbd47fc00a2c39e90264f33305004495a9","hash":"a337b848d96ad37ea12e934650789ea3e923cd4c"}
,"D:\\CU_CEDT\\y1-term-2\\se\\project\\backend\\models\\Comment.js": {"path":"D:\\CU_CEDT\\y1-term-2\\se\\project\\backend\\models\\Comment.js","statementMap":{"0":{"start":{"line":1,"column":17},"end":{"line":1,"column":36}},"1":{"start":{"line":3,"column":22},"end":{"line":28,"column":2}},"2":{"start":{"line":30,"column":0},"end":{"line":30,"column":57}}},"fnMap":{},"branchMap":{},"s":{"0":2,"1":2,"2":2},"f":{},"b":{},"_coverageSchema":"1a1c01bbd47fc00a2c39e90264f33305004495a9","hash":"c04e2b4660c383f298d0cd0ca0c53a2e01b09da0"}
,"D:\\CU_CEDT\\y1-term-2\\se\\project\\backend\\models\\Promotion.js": {"path":"D:\\CU_CEDT\\y1-term-2\\se\\project\\backend\\models\\Promotion.js","statementMap":{"0":{"start":{"line":1,"column":17},"end":{"line":1,"column":36}},"1":{"start":{"line":3,"column":20},"end":{"line":50,"column":2}},"2":{"start":{"line":54,"column":0},"end":{"line":54,"column":58}}},"fnMap":{},"branchMap":{},"s":{"0":2,"1":2,"2":2},"f":{},"b":{},"_coverageSchema":"1a1c01bbd47fc00a2c39e90264f33305004495a9","hash":"148143aa6723bfbd9c0d26187dee6e77b32b66bf"}
,"D:\\CU_CEDT\\y1-term-2\\se\\project\\backend\\models\\RentalCarProvider.js": {"path":"D:\\CU_CEDT\\y1-term-2\\se\\project\\backend\\models\\RentalCarProvider.js","statementMap":{"0":{"start":{"line":1,"column":17},"end":{"line":1,"column":36}},"1":{"start":{"line":3,"column":32},"end":{"line":45,"column":1}},"2":{"start":{"line":47,"column":0},"end":{"line":52,"column":3}},"3":{"start":{"line":54,"column":0},"end":{"line":54,"column":78}}},"fnMap":{},"branchMap":{},"s":{"0":2,"1":2,"2":2,"3":2},"f":{},"b":{},"_coverageSchema":"1a1c01bbd47fc00a2c39e90264f33305004495a9","hash":"d5486528c08f0f7480ef926e6ca850099fbfd597"}
,"D:\\CU_CEDT\\y1-term-2\\se\\project\\backend\\models\\User.js": {"path":"D:\\CU_CEDT\\y1-term-2\\se\\project\\backend\\models\\User.js","statementMap":{"0":{"start":{"line":1,"column":17},"end":{"line":1,"column":36}},"1":{"start":{"line":2,"column":15},"end":{"line":2,"column":34}},"2":{"start":{"line":3,"column":12},"end":{"line":3,"column":35}},"3":{"start":{"line":5,"column":19},"end":{"line":51,"column":2}},"4":{"start":{"line":53,"column":0},"end":{"line":60,"column":3}},"5":{"start":{"line":54,"column":4},"end":{"line":56,"column":5}},"6":{"start":{"line":55,"column":8},"end":{"line":55,"column":22}},"7":{"start":{"line":57,"column":17},"end":{"line":57,"column":41}},"8":{"start":{"line":58,"column":4},"end":{"line":58,"column":59}},"9":{"start":{"line":59,"column":4},"end":{"line":59,"column":11}},"10":{"start":{"line":62,"column":0},"end":{"line":66,"column":1}},"11":{"start":{"line":63,"column":4},"end":{"line":65,"column":7}},"12":{"start":{"line":68,"column":0},"end":{"line":70,"column":1}},"13":{"start":{"line":69,"column":4},"end":{"line":69,"column":64}},"14":{"start":{"line":72,"column":0},"end":{"line":72,"column":52}}},"fnMap":{"0":{"name":"(anonymous_0)","decl":{"start":{"line":53,"column":23},"end":{"line":53,"column":24}},"loc":{"start":{"line":53,"column":44},"end":{"line":60,"column":1}},"line":53},"1":{"name":"(anonymous_1)","decl":{"start":{"line":62,"column":39},"end":{"line":62,"column":40}},"loc":{"start":{"line":62,"column":50},"end":{"line":66,"column":1}},"line":62},"2":{"name":"(anonymous_2)","decl":{"start":{"line":68,"column":35},"end":{"line":68,"column":36}},"loc":{"start":{"line":68,"column":67},"end":{"line":70,"column":1}},"line":68}},"branchMap":{"0":{"loc":{"start":{"line":54,"column":4},"end":{"line":56,"column":5}},"type":"if","locations":[{"start":{"line":54,"column":4},"end":{"line":56,"column":5}},{"start":{},"end":{}}],"line":54}},"s":{"0":2,"1":2,"2":2,"3":2,"4":2,"5":10,"6":1,"7":9,"8":9,"9":9,"10":2,"11":10,"12":2,"13":2,"14":2},"f":{"0":10,"1":10,"2":2},"b":{"0":[1,9]},"_coverageSchema":"1a1c01bbd47fc00a2c39e90264f33305004495a9","hash":"27c8369a13b071b525e1d701c4f7a38353aec978"}
,"D:\\CU_CEDT\\y1-term-2\\se\\project\\backend\\routes\\auth.js": {"path":"D:\\CU_CEDT\\y1-term-2\\se\\project\\backend\\routes\\auth.js","statementMap":{"0":{"start":{"line":1,"column":16},"end":{"line":1,"column":34}},"1":{"start":{"line":2,"column":88},"end":{"line":2,"column":118}},"2":{"start":{"line":3,"column":20},"end":{"line":3,"column":49}},"3":{"start":{"line":5,"column":15},"end":{"line":5,"column":50}},"4":{"start":{"line":7,"column":0},"end":{"line":7,"column":35}},"5":{"start":{"line":8,"column":0},"end":{"line":8,"column":29}},"6":{"start":{"line":9,"column":0},"end":{"line":9,"column":47}},"7":{"start":{"line":10,"column":0},"end":{"line":10,"column":53}},"8":{"start":{"line":11,"column":0},"end":{"line":11,"column":34}},"9":{"start":{"line":12,"column":0},"end":{"line":12,"column":30}},"10":{"start":{"line":13,"column":0},"end":{"line":13,"column":43}},"11":{"start":{"line":15,"column":0},"end":{"line":15,"column":24}}},"fnMap":{},"branchMap":{},"s":{"0":2,"1":2,"2":2,"3":2,"4":2,"5":2,"6":2,"7":2,"8":2,"9":2,"10":2,"11":2},"f":{},"b":{},"_coverageSchema":"1a1c01bbd47fc00a2c39e90264f33305004495a9","hash":"0a56c9e8e760851fe67d6035c6ddb15f5c5e8235"}
,"D:\\CU_CEDT\\y1-term-2\\se\\project\\backend\\routes\\bookings.js": {"path":"D:\\CU_CEDT\\y1-term-2\\se\\project\\backend\\routes\\bookings.js","statementMap":{"0":{"start":{"line":1,"column":16},"end":{"line":1,"column":34}},"1":{"start":{"line":2,"column":15},"end":{"line":2,"column":50}},"2":{"start":{"line":4,"column":78},"end":{"line":4,"column":112}},"3":{"start":{"line":5,"column":31},"end":{"line":5,"column":60}},"4":{"start":{"line":6,"column":19},"end":{"line":6,"column":36}},"5":{"start":{"line":8,"column":0},"end":{"line":8,"column":43}},"6":{"start":{"line":10,"column":0},"end":{"line":12,"column":71}},"7":{"start":{"line":14,"column":0},"end":{"line":17,"column":76}},"8":{"start":{"line":19,"column":0},"end":{"line":19,"column":24}}},"fnMap":{},"branchMap":{},"s":{"0":2,"1":2,"2":2,"3":2,"4":2,"5":2,"6":2,"7":2,"8":2},"f":{},"b":{},"_coverageSchema":"1a1c01bbd47fc00a2c39e90264f33305004495a9","hash":"a5a6a14012206de6223a7604c892a247866a4aea"}
,"D:\\CU_CEDT\\y1-term-2\\se\\project\\backend\\routes\\cars.js": {"path":"D:\\CU_CEDT\\y1-term-2\\se\\project\\backend\\routes\\cars.js","statementMap":{"0":{"start":{"line":1,"column":16},"end":{"line":1,"column":34}},"1":{"start":{"line":2,"column":15},"end":{"line":2,"column":50}},"2":{"start":{"line":4,"column":80},"end":{"line":4,"column":110}},"3":{"start":{"line":5,"column":31},"end":{"line":5,"column":60}},"4":{"start":{"line":6,"column":22},"end":{"line":6,"column":43}},"5":{"start":{"line":7,"column":22},"end":{"line":7,"column":43}},"6":{"start":{"line":9,"column":0},"end":{"line":9,"column":46}},"7":{"start":{"line":10,"column":0},"end":{"line":10,"column":46}},"8":{"start":{"line":12,"column":0},"end":{"line":13,"column":28}},"9":{"start":{"line":15,"column":0},"end":{"line":16,"column":18}},"10":{"start":{"line":18,"column":0},"end":{"line":21,"column":64}},"11":{"start":{"line":23,"column":0},"end":{"line":24,"column":62}},"12":{"start":{"line":28,"column":0},"end":{"line":28,"column":24}}},"fnMap":{},"branchMap":{},"s":{"0":2,"1":2,"2":2,"3":2,"4":2,"5":2,"6":2,"7":2,"8":2,"9":2,"10":2,"11":2,"12":2},"f":{},"b":{},"_coverageSchema":"1a1c01bbd47fc00a2c39e90264f33305004495a9","hash":"6e65c5e47fdeb5ef6081095e619de82f275de1c4"}
,"D:\\CU_CEDT\\y1-term-2\\se\\project\\backend\\routes\\comments.js": {"path":"D:\\CU_CEDT\\y1-term-2\\se\\project\\backend\\routes\\comments.js","statementMap":{"0":{"start":{"line":1,"column":16},"end":{"line":1,"column":34}},"1":{"start":{"line":2,"column":15},"end":{"line":2,"column":50}},"2":{"start":{"line":4,"column":66},"end":{"line":4,"column":109}},"3":{"start":{"line":5,"column":31},"end":{"line":5,"column":60}},"4":{"start":{"line":7,"column":0},"end":{"line":9,"column":59}},"5":{"start":{"line":11,"column":0},"end":{"line":13,"column":64}},"6":{"start":{"line":15,"column":0},"end":{"line":15,"column":24}}},"fnMap":{},"branchMap":{},"s":{"0":2,"1":2,"2":2,"3":2,"4":2,"5":2,"6":2},"f":{},"b":{},"_coverageSchema":"1a1c01bbd47fc00a2c39e90264f33305004495a9","hash":"cf5733ed81171336741dac5c1afdbdaf3022c981"}
,"D:\\CU_CEDT\\y1-term-2\\se\\project\\backend\\routes\\promotions.js": {"path":"D:\\CU_CEDT\\y1-term-2\\se\\project\\backend\\routes\\promotions.js","statementMap":{"0":{"start":{"line":1,"column":16},"end":{"line":1,"column":34}},"1":{"start":{"line":2,"column":15},"end":{"line":2,"column":50}},"2":{"start":{"line":4,"column":91},"end":{"line":4,"column":127}},"3":{"start":{"line":5,"column":31},"end":{"line":5,"column":60}},"4":{"start":{"line":7,"column":0},"end":{"line":9,"column":68}},"5":{"start":{"line":11,"column":0},"end":{"line":14,"column":70}},"6":{"start":{"line":16,"column":0},"end":{"line":16,"column":24}}},"fnMap":{},"branchMap":{},"s":{"0":2,"1":2,"2":2,"3":2,"4":2,"5":2,"6":2},"f":{},"b":{},"_coverageSchema":"1a1c01bbd47fc00a2c39e90264f33305004495a9","hash":"6c21fdfa90927002ba27f84e68bfbdf8e76a4aa7"}
,"D:\\CU_CEDT\\y1-term-2\\se\\project\\backend\\routes\\rentalCarProviders.js": {"path":"D:\\CU_CEDT\\y1-term-2\\se\\project\\backend\\routes\\rentalCarProviders.js","statementMap":{"0":{"start":{"line":1,"column":16},"end":{"line":1,"column":34}},"1":{"start":{"line":2,"column":15},"end":{"line":2,"column":31}},"2":{"start":{"line":4,"column":131},"end":{"line":4,"column":175}},"3":{"start":{"line":5,"column":31},"end":{"line":5,"column":60}},"4":{"start":{"line":6,"column":18},"end":{"line":6,"column":35}},"5":{"start":{"line":7,"column":24},"end":{"line":7,"column":47}},"6":{"start":{"line":9,"column":0},"end":{"line":9,"column":56}},"7":{"start":{"line":10,"column":0},"end":{"line":10,"column":44}},"8":{"start":{"line":12,"column":0},"end":{"line":13,"column":67}},"9":{"start":{"line":14,"column":0},"end":{"line":17,"column":66}},"10":{"start":{"line":19,"column":0},"end":{"line":19,"column":24}}},"fnMap":{},"branchMap":{},"s":{"0":2,"1":2,"2":2,"3":2,"4":2,"5":2,"6":2,"7":2,"8":2,"9":2,"10":2},"f":{},"b":{},"_coverageSchema":"1a1c01bbd47fc00a2c39e90264f33305004495a9","hash":"92552803e439e9d3e11fef94f58fd6712a0139aa"}
}
