TN:
SF:app.js
FNF:0
FNH:0
DA:1,4
DA:2,4
DA:3,4
DA:4,4
DA:5,4
DA:6,4
DA:7,4
DA:8,4
DA:9,4
DA:10,4
DA:11,4
DA:12,4
DA:13,4
DA:16,4
DA:18,4
DA:21,4
DA:28,4
DA:29,4
DA:30,4
DA:31,4
DA:33,4
DA:34,4
DA:35,4
DA:36,4
DA:37,4
DA:38,4
DA:39,4
DA:40,4
DA:43,4
DA:45,4
LF:30
LH:30
BRF:0
BRH:0
end_of_record
TN:
SF:config\swagger.js
FN:343,(anonymous_0)
FN:357,(anonymous_1)
FNF:2
FNH:1
FNDA:4,(anonymous_0)
FNDA:0,(anonymous_1)
DA:1,4
DA:2,4
DA:5,4
DA:340,4
DA:343,4
DA:345,4
DA:357,4
DA:358,0
DA:359,0
DA:362,4
DA:363,4
DA:364,4
DA:367,4
LF:13
LH:11
BRF:0
BRH:0
end_of_record
TN:
SF:controllers\auth.js
FN:7,(anonymous_0)
FN:33,(anonymous_1)
FN:60,(anonymous_2)
FN:73,(anonymous_3)
FN:81,(anonymous_4)
FN:110,(anonymous_5)
FN:132,(anonymous_6)
FN:170,(anonymous_7)
FNF:8
FNH:6
FNDA:34,(anonymous_0)
FNDA:2,(anonymous_1)
FNDA:1,(anonymous_2)
FNDA:1,(anonymous_3)
FNDA:31,(anonymous_4)
FNDA:0,(anonymous_5)
FNDA:0,(anonymous_6)
FNDA:2,(anonymous_7)
DA:1,4
DA:2,4
DA:7,4
DA:8,34
DA:9,34
DA:11,34
DA:12,0
DA:15,34
DA:23,30
DA:25,4
DA:26,4
DA:33,4
DA:34,2
DA:35,2
DA:36,2
DA:37,0
DA:40,2
DA:41,2
DA:42,0
DA:45,2
DA:46,2
DA:47,1
DA:49,1
DA:52,0
DA:53,0
DA:60,4
DA:61,1
DA:62,1
DA:63,1
DA:65,0
DA:66,0
DA:73,4
DA:74,1
DA:78,1
DA:81,4
DA:82,31
DA:83,31
DA:87,31
DA:88,0
DA:91,31
DA:110,4
DA:111,0
DA:112,0
DA:113,0
DA:114,0
DA:116,0
DA:121,0
DA:124,0
DA:132,4
DA:133,0
DA:134,0
DA:135,0
DA:136,0
DA:138,0
DA:139,0
DA:140,0
DA:142,0
DA:145,0
DA:146,0
DA:147,0
DA:149,0
DA:150,0
DA:153,0
DA:154,0
DA:155,0
DA:156,0
DA:158,0
DA:159,0
DA:161,0
DA:170,4
DA:171,2
DA:173,2
DA:174,1
DA:177,1
DA:179,1
DA:185,0
LF:76
LH:40
BRDA:11,0,0,0
BRDA:11,0,1,34
BRDA:11,1,0,34
BRDA:11,1,1,34
BRDA:11,1,2,34
BRDA:11,1,3,34
BRDA:36,2,0,0
BRDA:36,2,1,2
BRDA:36,3,0,2
BRDA:36,3,1,2
BRDA:41,4,0,0
BRDA:41,4,1,2
BRDA:46,5,0,1
BRDA:46,5,1,1
BRDA:87,6,0,0
BRDA:87,6,1,31
BRDA:113,7,0,0
BRDA:113,7,1,0
BRDA:135,8,0,0
BRDA:135,8,1,0
BRDA:139,9,0,0
BRDA:139,9,1,0
BRDA:146,10,0,0
BRDA:146,10,1,0
BRDA:149,11,0,0
BRDA:149,11,1,0
BRDA:149,12,0,0
BRDA:149,12,1,0
BRDA:153,13,0,0
BRDA:153,13,1,0
BRDA:154,14,0,0
BRDA:154,14,1,0
BRDA:173,15,0,1
BRDA:173,15,1,1
BRF:34
BRH:14
end_of_record
TN:
SF:controllers\bookings.js
FN:9,(anonymous_0)
FN:78,(anonymous_1)
FN:101,(anonymous_2)
FN:195,(anonymous_3)
FN:234,(anonymous_4)
FNF:5
FNH:0
FNDA:0,(anonymous_0)
FNDA:0,(anonymous_1)
FNDA:0,(anonymous_2)
FNDA:0,(anonymous_3)
FNDA:0,(anonymous_4)
DA:1,4
DA:2,4
DA:3,4
DA:4,4
DA:9,4
DA:12,0
DA:13,0
DA:14,0
DA:20,0
DA:21,0
DA:22,0
DA:23,0
DA:31,0
DA:32,0
DA:37,0
DA:40,0
DA:48,0
DA:49,0
DA:55,0
DA:57,0
DA:66,0
DA:67,0
DA:68,0
DA:70,0
DA:71,0
DA:78,4
DA:79,0
DA:80,0
DA:86,0
DA:88,0
DA:89,0
DA:91,0
DA:93,0
DA:94,0
DA:101,4
DA:102,0
DA:103,0
DA:105,0
DA:107,0
DA:108,0
DA:111,0
DA:112,0
DA:113,0
DA:114,0
DA:117,0
DA:118,0
DA:120,0
DA:121,0
DA:124,0
DA:125,0
DA:130,0
DA:131,0
DA:137,0
DA:138,0
DA:139,0
DA:146,0
DA:147,0
DA:148,0
DA:149,0
DA:151,0
DA:152,0
DA:153,0
DA:154,0
DA:155,0
DA:158,0
DA:159,0
DA:162,0
DA:164,0
DA:169,0
DA:170,0
DA:174,0
DA:175,0
DA:177,0
DA:178,0
DA:182,0
DA:184,0
DA:185,0
DA:187,0
DA:188,0
DA:195,4
DA:196,0
DA:197,0
DA:204,0
DA:205,0
DA:208,0
DA:209,0
DA:212,0
DA:213,0
DA:214,0
DA:220,0
DA:224,0
DA:226,0
DA:227,0
DA:234,4
DA:235,0
DA:236,0
DA:242,0
DA:243,0
DA:246,0
DA:247,0
DA:249,0
DA:250,0
DA:252,0
DA:253,0
DA:259,0
DA:260,0
DA:262,0
DA:263,0
LF:108
LH:9
BRDA:12,0,0,0
BRDA:12,0,1,0
BRDA:13,1,0,0
BRDA:13,1,1,0
BRDA:20,2,0,0
BRDA:20,2,1,0
BRDA:31,3,0,0
BRDA:31,3,1,0
BRDA:48,4,0,0
BRDA:48,4,1,0
BRDA:88,5,0,0
BRDA:88,5,1,0
BRDA:107,6,0,0
BRDA:107,6,1,0
BRDA:113,7,0,0
BRDA:113,7,1,0
BRDA:113,8,0,0
BRDA:113,8,1,0
BRDA:120,9,0,0
BRDA:120,9,1,0
BRDA:120,10,0,0
BRDA:120,10,1,0
BRDA:124,11,0,0
BRDA:124,11,1,0
BRDA:130,12,0,0
BRDA:130,12,1,0
BRDA:138,13,0,0
BRDA:138,13,1,0
BRDA:138,14,0,0
BRDA:138,14,1,0
BRDA:152,15,0,0
BRDA:152,15,1,0
BRDA:154,16,0,0
BRDA:154,16,1,0
BRDA:158,17,0,0
BRDA:158,17,1,0
BRDA:158,18,0,0
BRDA:158,18,1,0
BRDA:164,19,0,0
BRDA:164,19,1,0
BRDA:164,19,2,0
BRDA:164,19,3,0
BRDA:169,20,0,0
BRDA:169,20,1,0
BRDA:175,21,0,0
BRDA:175,21,1,0
BRDA:204,22,0,0
BRDA:204,22,1,0
BRDA:208,23,0,0
BRDA:208,23,1,0
BRDA:208,24,0,0
BRDA:208,24,1,0
BRDA:208,24,2,0
BRDA:213,25,0,0
BRDA:213,25,1,0
BRDA:213,26,0,0
BRDA:213,26,1,0
BRDA:242,27,0,0
BRDA:242,27,1,0
BRDA:246,28,0,0
BRDA:246,28,1,0
BRDA:246,29,0,0
BRDA:246,29,1,0
BRDA:246,29,2,0
BRDA:252,30,0,0
BRDA:252,30,1,0
BRDA:252,31,0,0
BRDA:252,31,1,0
BRF:68
BRH:0
end_of_record
TN:
SF:controllers\cars.js
FN:9,(anonymous_0)
FN:13,(anonymous_1)
FN:16,(anonymous_2)
FN:71,(anonymous_3)
FN:88,(anonymous_4)
FN:130,(anonymous_5)
FN:159,(anonymous_6)
FN:182,(anonymous_7)
FNF:8
FNH:4
FNDA:1,(anonymous_0)
FNDA:4,(anonymous_1)
FNDA:0,(anonymous_2)
FNDA:1,(anonymous_3)
FNDA:0,(anonymous_4)
FNDA:0,(anonymous_5)
FNDA:1,(anonymous_6)
FNDA:0,(anonymous_7)
DA:1,4
DA:2,4
DA:3,4
DA:4,4
DA:9,4
DA:11,1
DA:12,1
DA:13,4
DA:15,1
DA:16,1
DA:18,1
DA:19,0
DA:24,1
DA:27,1
DA:28,0
DA:29,0
DA:32,1
DA:33,0
DA:34,0
DA:36,1
DA:39,1
DA:40,1
DA:41,1
DA:42,1
DA:43,1
DA:44,1
DA:45,1
DA:46,1
DA:48,1
DA:49,1
DA:50,0
DA:52,1
DA:53,0
DA:56,1
DA:63,0
DA:64,0
DA:71,4
DA:72,1
DA:73,1
DA:74,1
DA:75,0
DA:78,1
DA:80,0
DA:81,0
DA:88,4
DA:89,0
DA:90,0
DA:91,0
DA:92,0
DA:93,0
DA:94,0
DA:97,0
DA:98,0
DA:99,0
DA:102,0
DA:103,0
DA:106,0
DA:120,0
DA:122,0
DA:123,0
DA:130,4
DA:131,0
DA:132,0
DA:133,0
DA:134,0
DA:137,0
DA:138,0
DA:144,0
DA:149,0
DA:151,0
DA:152,0
DA:159,4
DA:160,1
DA:161,1
DA:162,1
DA:163,0
DA:166,1
DA:167,0
DA:170,1
DA:171,1
DA:172,1
DA:174,0
DA:175,0
DA:182,4
DA:183,0
DA:184,0
DA:186,0
DA:187,0
DA:190,0
DA:191,0
DA:192,0
DA:195,0
DA:196,0
DA:198,0
DA:199,0
DA:200,0
DA:201,0
DA:204,0
DA:205,0
DA:206,0
DA:210,0
DA:211,0
DA:217,0
DA:218,0
DA:222,0
DA:223,0
DA:227,0
DA:238,0
DA:239,0
LF:109
LH:43
BRDA:18,0,0,0
BRDA:18,0,1,1
BRDA:27,1,0,0
BRDA:27,1,1,1
BRDA:32,2,0,0
BRDA:32,2,1,1
BRDA:39,3,0,1
BRDA:39,3,1,1
BRDA:40,4,0,1
BRDA:40,4,1,1
BRDA:49,5,0,0
BRDA:49,5,1,1
BRDA:52,6,0,0
BRDA:52,6,1,1
BRDA:74,7,0,0
BRDA:74,7,1,1
BRDA:93,8,0,0
BRDA:93,8,1,0
BRDA:98,9,0,0
BRDA:98,9,1,0
BRDA:102,10,0,0
BRDA:102,10,1,0
BRDA:102,11,0,0
BRDA:102,11,1,0
BRDA:133,12,0,0
BRDA:133,12,1,0
BRDA:137,13,0,0
BRDA:137,13,1,0
BRDA:137,14,0,0
BRDA:137,14,1,0
BRDA:162,15,0,0
BRDA:162,15,1,1
BRDA:166,16,0,0
BRDA:166,16,1,1
BRDA:166,17,0,1
BRDA:166,17,1,1
BRDA:186,18,0,0
BRDA:186,18,1,0
BRDA:186,19,0,0
BRDA:186,19,1,0
BRDA:191,20,0,0
BRDA:191,20,1,0
BRDA:198,21,0,0
BRDA:198,21,1,0
BRDA:200,22,0,0
BRDA:200,22,1,0
BRDA:204,23,0,0
BRDA:204,23,1,0
BRDA:205,24,0,0
BRDA:205,24,1,0
BRDA:211,25,0,0
BRDA:211,25,1,0
BRDA:211,25,2,0
BRDA:211,25,3,0
BRDA:211,25,4,0
BRDA:217,26,0,0
BRDA:217,26,1,0
BRDA:223,27,0,0
BRDA:223,27,1,0
BRF:59
BRH:14
end_of_record
TN:
SF:controllers\commentController.js
FN:9,(anonymous_0)
FN:33,(anonymous_1)
FN:50,(anonymous_2)
FN:73,(anonymous_3)
FN:105,(anonymous_4)
FNF:5
FNH:1
FNDA:0,(anonymous_0)
FNDA:1,(anonymous_1)
FNDA:0,(anonymous_2)
FNDA:0,(anonymous_3)
FNDA:0,(anonymous_4)
DA:1,4
DA:2,4
DA:3,4
DA:4,4
DA:9,4
DA:10,0
DA:11,0
DA:12,0
DA:13,0
DA:18,0
DA:23,0
DA:25,0
DA:26,0
DA:33,4
DA:34,1
DA:35,1
DA:37,0
DA:39,1
DA:41,1
DA:42,0
DA:47,1
DA:48,1
DA:49,1
DA:50,1
DA:51,0
DA:52,0
DA:55,1
DA:56,1
DA:61,0
DA:62,0
DA:63,0
DA:65,0
DA:66,0
DA:73,4
DA:74,0
DA:75,0
DA:76,0
DA:77,0
DA:83,0
DA:84,0
DA:90,0
DA:95,0
DA:97,0
DA:98,0
DA:105,4
DA:106,0
DA:107,0
DA:108,0
DA:109,0
DA:115,0
DA:116,0
DA:122,0
DA:123,0
DA:126,0
DA:127,0
LF:55
LH:18
BRDA:12,0,0,0
BRDA:12,0,1,0
BRDA:35,1,0,1
BRDA:35,1,1,0
BRDA:41,2,0,0
BRDA:41,2,1,1
BRDA:51,3,0,0
BRDA:51,3,1,0
BRDA:51,4,0,0
BRDA:51,4,1,0
BRDA:55,5,0,1
BRDA:55,5,1,0
BRDA:55,6,0,1
BRDA:55,6,1,1
BRDA:55,6,2,1
BRDA:76,7,0,0
BRDA:76,7,1,0
BRDA:83,8,0,0
BRDA:83,8,1,0
BRDA:108,9,0,0
BRDA:108,9,1,0
BRDA:115,10,0,0
BRDA:115,10,1,0
BRDA:115,11,0,0
BRDA:115,11,1,0
BRF:25
BRH:6
end_of_record
TN:
SF:controllers\images.js
FN:4,(anonymous_0)
FNF:1
FNH:0
FNDA:0,(anonymous_0)
DA:4,4
DA:5,0
DA:6,0
DA:8,0
DA:9,0
DA:15,0
DA:17,0
DA:23,0
DA:24,0
LF:9
LH:1
BRDA:8,0,0,0
BRDA:8,0,1,0
BRDA:8,1,0,0
BRDA:8,1,1,0
BRDA:8,1,2,0
BRF:5
BRH:0
end_of_record
TN:
SF:controllers\payments.js
FN:6,(anonymous_0)
FNF:1
FNH:0
FNDA:0,(anonymous_0)
DA:1,4
DA:6,4
DA:7,0
DA:8,0
DA:10,0
DA:12,0
DA:13,0
DA:19,0
DA:20,0
DA:22,0
DA:28,0
DA:29,0
LF:12
LH:2
BRDA:12,0,0,0
BRDA:12,0,1,0
BRF:2
BRH:0
end_of_record
TN:
SF:controllers\promotions.js
FN:7,(anonymous_0)
FN:11,(anonymous_1)
FN:18,(anonymous_2)
FN:65,(anonymous_3)
FN:81,(anonymous_4)
FN:157,(anonymous_5)
FN:203,(anonymous_6)
FNF:7
FNH:0
FNDA:0,(anonymous_0)
FNDA:0,(anonymous_1)
FNDA:0,(anonymous_2)
FNDA:0,(anonymous_3)
FNDA:0,(anonymous_4)
FNDA:0,(anonymous_5)
FNDA:0,(anonymous_6)
DA:1,4
DA:2,4
DA:7,4
DA:9,0
DA:10,0
DA:11,0
DA:13,0
DA:14,0
DA:17,0
DA:18,0
DA:19,0
DA:21,0
DA:22,0
DA:23,0
DA:26,0
DA:27,0
DA:28,0
DA:30,0
DA:33,0
DA:34,0
DA:35,0
DA:36,0
DA:37,0
DA:38,0
DA:39,0
DA:40,0
DA:41,0
DA:42,0
DA:43,0
DA:44,0
DA:46,0
DA:47,0
DA:50,0
DA:57,0
DA:58,0
DA:65,4
DA:66,0
DA:67,0
DA:68,0
DA:69,0
DA:71,0
DA:73,0
DA:74,0
DA:81,4
DA:82,0
DA:83,0
DA:84,0
DA:85,0
DA:86,0
DA:87,0
DA:88,0
DA:90,0
DA:91,0
DA:93,0
DA:94,0
DA:95,0
DA:96,0
DA:97,0
DA:98,0
DA:100,0
DA:104,0
DA:106,0
DA:107,0
DA:110,0
DA:111,0
DA:114,0
DA:115,0
DA:118,0
DA:119,0
DA:122,0
DA:123,0
DA:126,0
DA:127,0
DA:128,0
DA:129,0
DA:131,0
DA:142,0
DA:143,0
DA:146,0
DA:147,0
DA:149,0
DA:150,0
DA:157,4
DA:158,0
DA:160,0
DA:161,0
DA:162,0
DA:163,0
DA:165,0
DA:166,0
DA:167,0
DA:168,0
DA:171,0
DA:172,0
DA:175,0
DA:176,0
DA:179,0
DA:180,0
DA:181,0
DA:182,0
DA:183,0
DA:188,0
DA:193,0
DA:195,0
DA:196,0
DA:203,4
DA:204,0
DA:206,0
DA:207,0
DA:208,0
DA:209,0
DA:212,0
DA:213,0
DA:214,0
DA:215,0
DA:218,0
DA:219,0
DA:222,0
DA:223,0
DA:226,0
DA:227,0
DA:228,0
DA:229,0
DA:230,0
DA:235,0
DA:236,0
DA:238,0
DA:239,0
LF:128
LH:7
BRDA:13,0,0,0
BRDA:13,0,1,0
BRDA:21,1,0,0
BRDA:21,1,1,0
BRDA:26,2,0,0
BRDA:26,2,1,0
BRDA:33,3,0,0
BRDA:33,3,1,0
BRDA:34,4,0,0
BRDA:34,4,1,0
BRDA:43,5,0,0
BRDA:43,5,1,0
BRDA:46,6,0,0
BRDA:46,6,1,0
BRDA:68,7,0,0
BRDA:68,7,1,0
BRDA:85,8,0,0
BRDA:85,8,1,0
BRDA:87,9,0,0
BRDA:87,9,1,0
BRDA:90,10,0,0
BRDA:90,10,1,0
BRDA:90,11,0,0
BRDA:90,11,1,0
BRDA:94,12,0,0
BRDA:94,12,1,0
BRDA:95,13,0,0
BRDA:95,13,1,0
BRDA:97,14,0,0
BRDA:97,14,1,0
BRDA:106,15,0,0
BRDA:106,15,1,0
BRDA:106,16,0,0
BRDA:106,16,1,0
BRDA:106,16,2,0
BRDA:106,16,3,0
BRDA:106,16,4,0
BRDA:106,16,5,0
BRDA:106,16,6,0
BRDA:110,17,0,0
BRDA:110,17,1,0
BRDA:110,18,0,0
BRDA:110,18,1,0
BRDA:114,19,0,0
BRDA:114,19,1,0
BRDA:118,20,0,0
BRDA:118,20,1,0
BRDA:122,21,0,0
BRDA:122,21,1,0
BRDA:128,22,0,0
BRDA:128,22,1,0
BRDA:142,23,0,0
BRDA:142,23,1,0
BRDA:162,24,0,0
BRDA:162,24,1,0
BRDA:165,25,0,0
BRDA:165,25,1,0
BRDA:167,26,0,0
BRDA:167,26,1,0
BRDA:171,27,0,0
BRDA:171,27,1,0
BRDA:171,28,0,0
BRDA:171,28,1,0
BRDA:175,29,0,0
BRDA:175,29,1,0
BRDA:175,30,0,0
BRDA:175,30,1,0
BRDA:179,31,0,0
BRDA:179,31,1,0
BRDA:180,32,0,0
BRDA:180,32,1,0
BRDA:182,33,0,0
BRDA:182,33,1,0
BRDA:208,34,0,0
BRDA:208,34,1,0
BRDA:212,35,0,0
BRDA:212,35,1,0
BRDA:214,36,0,0
BRDA:214,36,1,0
BRDA:218,37,0,0
BRDA:218,37,1,0
BRDA:218,38,0,0
BRDA:218,38,1,0
BRDA:222,39,0,0
BRDA:222,39,1,0
BRDA:222,40,0,0
BRDA:222,40,1,0
BRDA:226,41,0,0
BRDA:226,41,1,0
BRDA:227,42,0,0
BRDA:227,42,1,0
BRDA:229,43,0,0
BRDA:229,43,1,0
BRF:93
BRH:0
end_of_record
TN:
SF:controllers\rentalCarProviders.js
FN:11,(anonymous_0)
FN:17,(anonymous_1)
FN:21,(anonymous_2)
FN:71,(anonymous_3)
FN:89,(anonymous_4)
FN:121,(anonymous_5)
FN:150,(anonymous_6)
FN:181,(anonymous_7)
FNF:8
FNH:7
FNDA:8,(anonymous_0)
FNDA:32,(anonymous_1)
FNDA:0,(anonymous_2)
FNDA:7,(anonymous_3)
FNDA:16,(anonymous_4)
FNDA:5,(anonymous_5)
FNDA:11,(anonymous_6)
FNDA:2,(anonymous_7)
DA:1,6
DA:2,6
DA:3,6
DA:4,6
DA:5,6
DA:6,6
DA:11,6
DA:12,8
DA:15,8
DA:16,8
DA:17,32
DA:18,8
DA:20,8
DA:21,8
DA:22,8
DA:26,5
DA:27,1
DA:28,1
DA:31,5
DA:32,1
DA:33,1
DA:35,4
DA:38,5
DA:39,5
DA:40,5
DA:41,5
DA:42,5
DA:44,5
DA:45,5
DA:46,5
DA:48,5
DA:49,2
DA:54,5
DA:55,1
DA:61,5
DA:63,3
DA:64,3
DA:71,6
DA:72,7
DA:73,7
DA:74,4
DA:75,2
DA:78,2
DA:80,3
DA:81,3
DA:89,6
DA:90,16
DA:91,16
DA:92,13
DA:93,1
DA:98,12
DA:100,12
DA:101,1
DA:106,11
DA:107,11
DA:108,11
DA:109,11
DA:110,11
DA:112,3
DA:113,3
DA:121,6
DA:122,5
DA:123,5
DA:124,3
DA:125,1
DA:128,2
DA:129,1
DA:135,1
DA:140,1
DA:142,2
DA:143,2
DA:150,6
DA:151,11
DA:152,11
DA:153,2
DA:156,9
DA:157,7
DA:158,7
DA:159,7
DA:160,7
DA:161,2
DA:168,5
DA:169,5
DA:170,5
DA:171,5
DA:172,5
DA:173,5
DA:174,2
DA:180,3
DA:181,3
DA:182,3
DA:183,3
DA:184,3
DA:185,3
DA:187,3
DA:189,2
DA:190,2
LF:97
LH:97
BRDA:26,0,0,1
BRDA:26,0,1,4
BRDA:31,1,0,1
BRDA:31,1,1,4
BRDA:38,2,0,5
BRDA:38,2,1,3
BRDA:39,3,0,5
BRDA:39,3,1,3
BRDA:48,4,0,2
BRDA:48,4,1,3
BRDA:54,5,0,1
BRDA:54,5,1,4
BRDA:74,6,0,2
BRDA:74,6,1,2
BRDA:92,7,0,1
BRDA:92,7,1,12
BRDA:100,8,0,1
BRDA:100,8,1,11
BRDA:124,9,0,1
BRDA:124,9,1,2
BRDA:128,10,0,1
BRDA:128,10,1,1
BRDA:128,11,0,2
BRDA:128,11,1,2
BRDA:152,12,0,2
BRDA:152,12,1,9
BRDA:160,13,0,2
BRDA:160,13,1,5
BRDA:173,14,0,2
BRDA:173,14,1,3
BRDA:173,15,0,5
BRDA:173,15,1,2
BRF:32
BRH:32
end_of_record
TN:
SF:middleware\auth.js
FN:4,(anonymous_0)
FN:26,(anonymous_1)
FN:27,(anonymous_2)
FNF:3
FNH:3
FNDA:22,(anonymous_0)
FNDA:64,(anonymous_1)
FNDA:19,(anonymous_2)
DA:1,4
DA:2,4
DA:4,4
DA:7,22
DA:8,22
DA:11,22
DA:12,0
DA:15,22
DA:16,22
DA:17,22
DA:18,22
DA:19,22
DA:21,0
DA:22,0
DA:26,4
DA:27,64
DA:28,19
DA:29,1
DA:31,18
LF:19
LH:16
BRDA:7,0,0,22
BRDA:7,0,1,0
BRDA:7,1,0,22
BRDA:7,1,1,22
BRDA:11,2,0,0
BRDA:11,2,1,22
BRDA:11,3,0,22
BRDA:11,3,1,22
BRDA:28,4,0,1
BRDA:28,4,1,18
BRF:10
BRH:8
end_of_record
TN:
SF:models\Booking.js
FNF:0
FNH:0
DA:1,6
DA:3,6
DA:37,6
LF:3
LH:3
BRF:0
BRH:0
end_of_record
TN:
SF:models\Car.js
FNF:0
FNH:0
DA:1,6
DA:3,6
DA:69,6
LF:3
LH:3
BRF:0
BRH:0
end_of_record
TN:
SF:models\Comment.js
FNF:0
FNH:0
DA:1,6
DA:3,6
DA:30,6
LF:3
LH:3
BRF:0
BRH:0
end_of_record
TN:
SF:models\Promotion.js
FNF:0
FNH:0
DA:1,4
DA:3,4
DA:54,4
LF:3
LH:3
BRF:0
BRH:0
end_of_record
TN:
SF:models\RentalCarProvider.js
FNF:0
FNH:0
DA:1,6
DA:3,6
DA:47,6
DA:54,6
LF:4
LH:4
BRF:0
BRH:0
end_of_record
TN:
SF:models\User.js
FN:53,(anonymous_0)
FN:62,(anonymous_1)
FN:68,(anonymous_2)
FNF:3
FNH:3
FNDA:45,(anonymous_0)
FNDA:31,(anonymous_1)
FNDA:2,(anonymous_2)
DA:1,6
DA:2,6
DA:3,6
DA:5,6
DA:53,6
DA:54,45
DA:55,11
DA:57,34
DA:58,34
DA:59,34
DA:62,6
DA:63,31
DA:68,6
DA:69,2
DA:72,6
LF:15
LH:15
BRDA:54,0,0,11
BRDA:54,0,1,34
BRF:2
BRH:2
end_of_record
TN:
SF:routes\auth.js
FNF:0
FNH:0
DA:1,4
DA:2,4
DA:3,4
DA:5,4
DA:7,4
DA:8,4
DA:9,4
DA:10,4
DA:11,4
DA:12,4
DA:13,4
DA:15,4
LF:12
LH:12
BRF:0
BRH:0
end_of_record
TN:
SF:routes\bookings.js
FNF:0
FNH:0
DA:1,4
DA:2,4
DA:4,4
DA:5,4
DA:6,4
DA:8,4
DA:10,4
DA:14,4
DA:19,4
LF:9
LH:9
BRF:0
BRH:0
end_of_record
TN:
SF:routes\cars.js
FNF:0
FNH:0
DA:1,4
DA:2,4
DA:4,4
DA:5,4
DA:6,4
DA:7,4
DA:9,4
DA:10,4
DA:12,4
DA:15,4
DA:18,4
DA:23,4
DA:28,4
LF:13
LH:13
BRF:0
BRH:0
end_of_record
TN:
SF:routes\comments.js
FNF:0
FNH:0
DA:1,4
DA:2,4
DA:4,4
DA:5,4
DA:7,4
DA:11,4
DA:15,4
LF:7
LH:7
BRF:0
BRH:0
end_of_record
TN:
SF:routes\images.js
FNF:0
FNH:0
DA:1,4
DA:2,4
DA:4,4
DA:5,4
DA:7,4
DA:10,4
LF:6
LH:6
BRF:0
BRH:0
end_of_record
TN:
SF:routes\payments.js
FNF:0
FNH:0
DA:1,4
DA:2,4
DA:4,4
DA:6,4
DA:8,4
LF:5
LH:5
BRF:0
BRH:0
end_of_record
TN:
SF:routes\promotions.js
FNF:0
FNH:0
DA:1,4
DA:2,4
DA:4,4
DA:5,4
DA:7,4
DA:11,4
DA:16,4
LF:7
LH:7
BRF:0
BRH:0
end_of_record
TN:
SF:routes\rentalCarProviders.js
FNF:0
FNH:0
DA:1,4
DA:2,4
DA:4,4
DA:5,4
DA:6,4
DA:7,4
DA:9,4
DA:10,4
DA:12,4
DA:14,4
DA:19,4
LF:11
LH:11
BRF:0
BRH:0
end_of_record
